This is e-pTeX, Version 3.14159265-p3.8.3-191112-2.6 (utf8.sjis) (TeX Live 2020/W32TeX) (preloaded format=platex 2020.6.19)  5 FEB 2023 21:09
entering extended mode
 restricted \write18 enabled.
 %&-line parsing enabled.
**1
(./1.tex
pLaTeX2e <2020-02-02>+3 (based on LaTeX2e <2020-02-02> patch level 5)
L3 programming layer <2020-03-06>
(c:/seiro/settings/Rsetting/knitrPreamble/knitr_beamer_preamble169.rnw
(c:/TeX/texmf-dist/tex/latex/beamer/beamer.cls
Document Class: beamer 2019/09/29 v3.57 A class for typesetting presentations
(c:/TeX/texmf-dist/tex/latex/beamer/beamerbasemodes.sty
(c:/TeX/texmf-local/tex/platex/js/etoolbox.sty
Package: etoolbox 2011/01/03 v2.1 e-TeX tools for LaTeX

(c:/TeX/texmf-dist/tex/latex/etex-pkg/etex.sty
Package: etex 2016/08/01 v2.7 eTeX basic definition package (PEB,DPC)
\et@xins=\count166
)
\etb@tempcnta=\count167


Package etoolbox Warning: Patching '\begin' failed!
(etoolbox)                '\AtBeginEnvironment' will not work.


Package etoolbox Warning: Patching '\end' failed!
(etoolbox)                '\AtEndEnvironment' will not work.


Package etoolbox Warning: Patching '\end' failed!
(etoolbox)                '\AfterEndEnvironment' will not work.

)
\beamer@tempbox=\box61
\beamer@tempcount=\count168
\c@beamerpauses=\count169
 (c:/TeX/texmf-dist/tex/latex/beamer/beamerbasedecode.sty
\beamer@slideinframe=\count170
\beamer@minimum=\count171
\beamer@decode@box=\box62
)
\beamer@commentbox=\box63
\beamer@modecount=\count172
)
(c:/TeX/texmf-dist/tex/generic/iftex/ifpdf.sty
Package: ifpdf 2019/10/25 v3.4 ifpdf legacy package. Use iftex instead.

(c:/TeX/texmf-dist/tex/generic/iftex/iftex.sty
Package: iftex 2020/03/06 v1.0d TeX engine tests
))
\headdp=\dimen150
\footheight=\dimen151
\sidebarheight=\dimen152
\beamer@tempdim=\dimen153
\beamer@finalheight=\dimen154
\beamer@animht=\dimen155
\beamer@animdp=\dimen156
\beamer@animwd=\dimen157
\beamer@leftmargin=\dimen158
\beamer@rightmargin=\dimen159
\beamer@leftsidebar=\dimen160
\beamer@rightsidebar=\dimen161
\beamer@boxsize=\dimen162
\beamer@vboxoffset=\dimen163
\beamer@descdefault=\dimen164
\beamer@descriptionwidth=\dimen165
\beamer@lastskip=\skip47
\beamer@areabox=\box64
\beamer@animcurrent=\box65
\beamer@animshowbox=\box66
\beamer@sectionbox=\box67
\beamer@logobox=\box68
\beamer@linebox=\box69
\beamer@sectioncount=\count173
\beamer@subsubsectionmax=\count174
\beamer@subsectionmax=\count175
\beamer@sectionmax=\count176
\beamer@totalheads=\count177
\beamer@headcounter=\count178
\beamer@partstartpage=\count179
\beamer@sectionstartpage=\count180
\beamer@subsectionstartpage=\count181
\beamer@animationtempa=\count182
\beamer@animationtempb=\count183
\beamer@xpos=\count184
\beamer@ypos=\count185
\beamer@ypos@offset=\count186
\beamer@showpartnumber=\count187
\beamer@currentsubsection=\count188
\beamer@coveringdepth=\count189
\beamer@sectionadjust=\count190
\beamer@tocsectionnumber=\count191

(c:/TeX/texmf-dist/tex/latex/beamer/beamerbaseoptions.sty
(c:/TeX/texmf-dist/tex/latex/graphics/keyval.sty
Package: keyval 2014/10/28 v1.15 key=value parser (DPC)
\KV@toks@=\toks16
))
\beamer@paperwidth=\skip48
\beamer@paperheight=\skip49

(c:/TeX/texmf-dist/tex/latex/geometry/geometry.sty
Package: geometry 2020/01/02 v5.9 Page Geometry

(c:/TeX/texmf-dist/tex/generic/iftex/ifvtex.sty
Package: ifvtex 2019/10/25 v1.7 ifvtex legacy package. Use iftex instead.
)
\Gm@cnth=\count192
\Gm@cntv=\count193
\c@Gm@tempcnt=\count194
\Gm@bindingoffset=\dimen166
\Gm@wd@mp=\dimen167
\Gm@odd@mp=\dimen168
\Gm@even@mp=\dimen169
\Gm@layoutwidth=\dimen170
\Gm@layoutheight=\dimen171
\Gm@layouthoffset=\dimen172
\Gm@layoutvoffset=\dimen173
\Gm@dimlist=\toks17
)
(c:/TeX/texmf-dist/tex/latex/base/size12.clo
File: size12.clo 2019/12/20 v1.4l Standard LaTeX file (size option)
)
(c:/TeX/texmf-dist/tex/latex/pgf/basiclayer/pgfcore.sty
(c:/TeX/texmf-dist/tex/latex/graphics/graphicx.sty
Package: graphicx 2019/11/30 v1.2a Enhanced LaTeX Graphics (DPC,SPQR)

(c:/TeX/texmf-dist/tex/latex/graphics/graphics.sty
Package: graphics 2019/11/30 v1.4a Standard LaTeX Graphics (DPC,SPQR)

(c:/TeX/texmf-dist/tex/latex/graphics/trig.sty
Package: trig 2016/01/03 v1.10 sin cos tan (DPC)
)
(c:/TeX/texmf-dist/tex/latex/graphics-cfg/graphics.cfg
File: graphics.cfg 2016/06/04 v1.11 sample graphics configuration
)
Package graphics Info: Driver file: dvipdfmx.def on input line 105.

(c:/TeX/texmf-dist/tex/latex/graphics-def/dvipdfmx.def
File: dvipdfmx.def 2017/06/24 v5.0g Graphics/color driver for dvipdfmx
))
\Gin@req@height=\dimen174
\Gin@req@width=\dimen175
)
(c:/TeX/texmf-dist/tex/latex/pgf/systemlayer/pgfsys.sty
(c:/TeX/texmf-dist/tex/latex/pgf/utilities/pgfrcs.sty
(c:/TeX/texmf-dist/tex/generic/pgf/utilities/pgfutil-common.tex
\pgfutil@everybye=\toks18
\pgfutil@tempdima=\dimen176
\pgfutil@tempdimb=\dimen177

(c:/TeX/texmf-dist/tex/generic/pgf/utilities/pgfutil-common-lists.tex))
(c:/TeX/texmf-dist/tex/generic/pgf/utilities/pgfutil-latex.def
\pgfutil@abb=\box70

(c:/TeX/texmf-local/tex/platex/js/everyshi.sty
Package: everyshi 2001/05/15 v3.00 EveryShipout Package (MS)
))
(c:/TeX/texmf-dist/tex/generic/pgf/utilities/pgfrcs.code.tex
(c:/TeX/texmf-dist/tex/generic/pgf/pgf.revision.tex)
Package: pgfrcs 2020/01/08 v3.1.5b (3.1.5b)
))
(c:/TeX/texmf-dist/tex/generic/pgf/systemlayer/pgfsys.code.tex
Package: pgfsys 2020/01/08 v3.1.5b (3.1.5b)

(c:/TeX/texmf-dist/tex/generic/pgf/utilities/pgfkeys.code.tex
\pgfkeys@pathtoks=\toks19
\pgfkeys@temptoks=\toks20

(c:/TeX/texmf-dist/tex/generic/pgf/utilities/pgfkeysfiltered.code.tex
\pgfkeys@tmptoks=\toks21
))
\pgf@x=\dimen178
\pgf@y=\dimen179
\pgf@xa=\dimen180
\pgf@ya=\dimen181
\pgf@xb=\dimen182
\pgf@yb=\dimen183
\pgf@xc=\dimen184
\pgf@yc=\dimen185
\pgf@xd=\dimen186
\pgf@yd=\dimen187
\w@pgf@writea=\write3
\r@pgf@reada=\read2
\c@pgf@counta=\count195
\c@pgf@countb=\count196
\c@pgf@countc=\count197
\c@pgf@countd=\count198
\t@pgf@toka=\toks22
\t@pgf@tokb=\toks23
\t@pgf@tokc=\toks24
\pgf@sys@id@count=\count199

(c:/TeX/texmf-dist/tex/generic/pgf/systemlayer/pgf.cfg
File: pgf.cfg 2020/01/08 v3.1.5b (3.1.5b)
)
Driver file for pgf: pgfsys-dvipdfmx.def

(c:/TeX/texmf-dist/tex/generic/pgf/systemlayer/pgfsys-dvipdfmx.def
File: pgfsys-dvipdfmx.def 2020/01/08 v3.1.5b (3.1.5b)

(c:/TeX/texmf-dist/tex/generic/pgf/systemlayer/pgfsys-common-pdf.def
File: pgfsys-common-pdf.def 2020/01/08 v3.1.5b (3.1.5b)
)
Normal \count register pool exhausted, switching to extended pool.
\pgfsys@objnum=\count277
))
(c:/TeX/texmf-dist/tex/generic/pgf/systemlayer/pgfsyssoftpath.code.tex
File: pgfsyssoftpath.code.tex 2020/01/08 v3.1.5b (3.1.5b)
\pgfsyssoftpath@smallbuffer@items=\count278
\pgfsyssoftpath@bigbuffer@items=\count279
)
(c:/TeX/texmf-dist/tex/generic/pgf/systemlayer/pgfsysprotocol.code.tex
File: pgfsysprotocol.code.tex 2020/01/08 v3.1.5b (3.1.5b)
))
(c:/TeX/texmf-local/tex/platex/js/xcolor.sty
Package: xcolor 2007/01/21 v2.11 LaTeX color extensions (UK)

(c:/TeX/texmf-dist/tex/latex/graphics-cfg/color.cfg
File: color.cfg 2016/01/02 v1.6 sample color configuration
)
Package xcolor Info: Driver file: dvipdfmx.def on input line 225.
Package xcolor Info: Model `cmy' substituted by `cmy0' on input line 1337.
Package xcolor Info: Model `RGB' extended on input line 1353.
Package xcolor Info: Model `HTML' substituted by `rgb' on input line 1355.
Package xcolor Info: Model `Hsb' substituted by `hsb' on input line 1356.
Package xcolor Info: Model `tHsb' substituted by `hsb' on input line 1357.
Package xcolor Info: Model `HSB' substituted by `hsb' on input line 1358.
Package xcolor Info: Model `Gray' substituted by `gray' on input line 1359.
Package xcolor Info: Model `wave' substituted by `hsb' on input line 1360.
)
(c:/TeX/texmf-dist/tex/generic/pgf/basiclayer/pgfcore.code.tex
Package: pgfcore 2020/01/08 v3.1.5b (3.1.5b)

(c:/TeX/texmf-dist/tex/generic/pgf/math/pgfmath.code.tex
(c:/TeX/texmf-dist/tex/generic/pgf/math/pgfmathcalc.code.tex
(c:/TeX/texmf-dist/tex/generic/pgf/math/pgfmathutil.code.tex)
(c:/TeX/texmf-dist/tex/generic/pgf/math/pgfmathparser.code.tex
\pgfmath@dimen=\dimen188
\pgfmath@count=\count280
\pgfmath@box=\box71
\pgfmath@toks=\toks25
\pgfmath@stack@operand=\toks26
\pgfmath@stack@operation=\toks27
)
(c:/TeX/texmf-dist/tex/generic/pgf/math/pgfmathfunctions.code.tex
(c:/TeX/texmf-dist/tex/generic/pgf/math/pgfmathfunctions.basic.code.tex)
(c:/TeX/texmf-dist/tex/generic/pgf/math/pgfmathfunctions.trigonometric.code.tex
) (c:/TeX/texmf-dist/tex/generic/pgf/math/pgfmathfunctions.random.code.tex)
(c:/TeX/texmf-dist/tex/generic/pgf/math/pgfmathfunctions.comparison.code.tex)
(c:/TeX/texmf-dist/tex/generic/pgf/math/pgfmathfunctions.base.code.tex)
(c:/TeX/texmf-dist/tex/generic/pgf/math/pgfmathfunctions.round.code.tex)
(c:/TeX/texmf-dist/tex/generic/pgf/math/pgfmathfunctions.misc.code.tex)
(c:/TeX/texmf-dist/tex/generic/pgf/math/pgfmathfunctions.integerarithmetics.cod
e.tex))) (c:/TeX/texmf-dist/tex/generic/pgf/math/pgfmathfloat.code.tex
\c@pgfmathroundto@lastzeros=\count281
))
(c:/TeX/texmf-dist/tex/generic/pgf/math/pgfint.code.tex)
(c:/TeX/texmf-dist/tex/generic/pgf/basiclayer/pgfcorepoints.code.tex
File: pgfcorepoints.code.tex 2020/01/08 v3.1.5b (3.1.5b)
\pgf@picminx=\dimen189
\pgf@picmaxx=\dimen190
\pgf@picminy=\dimen191
\pgf@picmaxy=\dimen192
\pgf@pathminx=\dimen193
\pgf@pathmaxx=\dimen194
\pgf@pathminy=\dimen195
\pgf@pathmaxy=\dimen196
\pgf@xx=\dimen197
\pgf@xy=\dimen198
\pgf@yx=\dimen199
Normal \dimen register pool exhausted, switching to extended pool.
\pgf@yy=\dimen256
\pgf@zx=\dimen257
\pgf@zy=\dimen258
)
(c:/TeX/texmf-dist/tex/generic/pgf/basiclayer/pgfcorepathconstruct.code.tex
File: pgfcorepathconstruct.code.tex 2020/01/08 v3.1.5b (3.1.5b)
\pgf@path@lastx=\dimen259
\pgf@path@lasty=\dimen260
)
(c:/TeX/texmf-dist/tex/generic/pgf/basiclayer/pgfcorepathusage.code.tex
File: pgfcorepathusage.code.tex 2020/01/08 v3.1.5b (3.1.5b)
\pgf@shorten@end@additional=\dimen261
\pgf@shorten@start@additional=\dimen262
)
(c:/TeX/texmf-dist/tex/generic/pgf/basiclayer/pgfcorescopes.code.tex
File: pgfcorescopes.code.tex 2020/01/08 v3.1.5b (3.1.5b)
\pgfpic=\box72
\pgf@hbox=\box73
\pgf@layerbox@main=\box74
\pgf@picture@serial@count=\count282
)
(c:/TeX/texmf-dist/tex/generic/pgf/basiclayer/pgfcoregraphicstate.code.tex
File: pgfcoregraphicstate.code.tex 2020/01/08 v3.1.5b (3.1.5b)
\pgflinewidth=\dimen263
)
(c:/TeX/texmf-dist/tex/generic/pgf/basiclayer/pgfcoretransformations.code.tex
File: pgfcoretransformations.code.tex 2020/01/08 v3.1.5b (3.1.5b)
\pgf@pt@x=\dimen264
\pgf@pt@y=\dimen265
\pgf@pt@temp=\dimen266
)
(c:/TeX/texmf-dist/tex/generic/pgf/basiclayer/pgfcorequick.code.tex
File: pgfcorequick.code.tex 2020/01/08 v3.1.5b (3.1.5b)
)
(c:/TeX/texmf-dist/tex/generic/pgf/basiclayer/pgfcoreobjects.code.tex
File: pgfcoreobjects.code.tex 2020/01/08 v3.1.5b (3.1.5b)
)
(c:/TeX/texmf-dist/tex/generic/pgf/basiclayer/pgfcorepathprocessing.code.tex
File: pgfcorepathprocessing.code.tex 2020/01/08 v3.1.5b (3.1.5b)
)
(c:/TeX/texmf-dist/tex/generic/pgf/basiclayer/pgfcorearrows.code.tex
File: pgfcorearrows.code.tex 2020/01/08 v3.1.5b (3.1.5b)
\pgfarrowsep=\dimen267
)
(c:/TeX/texmf-dist/tex/generic/pgf/basiclayer/pgfcoreshade.code.tex
File: pgfcoreshade.code.tex 2020/01/08 v3.1.5b (3.1.5b)
\pgf@max=\dimen268
\pgf@sys@shading@range@num=\count283
\pgf@shadingcount=\count284
)
(c:/TeX/texmf-dist/tex/generic/pgf/basiclayer/pgfcoreimage.code.tex
File: pgfcoreimage.code.tex 2020/01/08 v3.1.5b (3.1.5b)

(c:/TeX/texmf-dist/tex/generic/pgf/basiclayer/pgfcoreexternal.code.tex
File: pgfcoreexternal.code.tex 2020/01/08 v3.1.5b (3.1.5b)
\pgfexternal@startupbox=\box75
))
(c:/TeX/texmf-dist/tex/generic/pgf/basiclayer/pgfcorelayers.code.tex
File: pgfcorelayers.code.tex 2020/01/08 v3.1.5b (3.1.5b)
)
(c:/TeX/texmf-dist/tex/generic/pgf/basiclayer/pgfcoretransparency.code.tex
File: pgfcoretransparency.code.tex 2020/01/08 v3.1.5b (3.1.5b)
)
(c:/TeX/texmf-dist/tex/generic/pgf/basiclayer/pgfcorepatterns.code.tex
File: pgfcorepatterns.code.tex 2020/01/08 v3.1.5b (3.1.5b)
)
(c:/TeX/texmf-dist/tex/generic/pgf/basiclayer/pgfcorerdf.code.tex
File: pgfcorerdf.code.tex 2020/01/08 v3.1.5b (3.1.5b)
)))
(c:/TeX/texmf-dist/tex/latex/pgf/utilities/xxcolor.sty
Package: xxcolor 2003/10/24 ver 0.1
\XC@nummixins=\count285
\XC@countmixins=\count286
)
(c:/TeX/texmf-dist/tex/generic/atbegshi/atbegshi.sty
Package: atbegshi 2019/12/05 v1.19 At begin shipout hook (HO)

(c:/TeX/texmf-dist/tex/generic/infwarerr/infwarerr.sty
Package: infwarerr 2019/12/03 v1.5 Providing info/warning/error messages (HO)
)
(c:/TeX/texmf-dist/tex/generic/ltxcmds/ltxcmds.sty
Package: ltxcmds 2019/12/15 v1.24 LaTeX kernel commands for general use (HO)
))
(c:/TeX/texmf-dist/tex/latex/hyperref/hyperref.sty
Package: hyperref 2020/01/14 v7.00d Hypertext links for LaTeX

(c:/TeX/texmf-dist/tex/latex/pdftexcmds/pdftexcmds.sty
Package: pdftexcmds 2019/11/24 v0.31 Utility functions of pdfTeX for LuaTeX (HO
)
Package pdftexcmds Info: \pdf@primitive is available.
Package pdftexcmds Info: \pdf@ifprimitive is available.
Package pdftexcmds Info: \pdfdraftmode not found.
)
(c:/TeX/texmf-dist/tex/generic/kvsetkeys/kvsetkeys.sty
Package: kvsetkeys 2019/12/15 v1.18 Key value parser (HO)
)
(c:/TeX/texmf-dist/tex/generic/kvdefinekeys/kvdefinekeys.sty
Package: kvdefinekeys 2019-12-19 v1.6 Define keys (HO)
)
(c:/TeX/texmf-dist/tex/generic/pdfescape/pdfescape.sty
Package: pdfescape 2019/12/09 v1.15 Implements pdfTeX's escape features (HO)
)
(c:/TeX/texmf-dist/tex/latex/hycolor/hycolor.sty
Package: hycolor 2020-01-27 v1.10 Color options for hyperref/bookmark (HO)
)
(c:/TeX/texmf-dist/tex/latex/letltxmacro/letltxmacro.sty
Package: letltxmacro 2019/12/03 v1.6 Let assignment for LaTeX macros (HO)
)
(c:/TeX/texmf-dist/tex/latex/auxhook/auxhook.sty
Package: auxhook 2019-12-17 v1.6 Hooks for auxiliary files (HO)
)
(c:/TeX/texmf-dist/tex/latex/kvoptions/kvoptions.sty
Package: kvoptions 2019/11/29 v3.13 Key value format for package options (HO)
)
\@linkdim=\dimen269
\Hy@linkcounter=\count287
\Hy@pagecounter=\count288

(c:/TeX/texmf-dist/tex/latex/hyperref/pd1enc.def
File: pd1enc.def 2020/01/14 v7.00d Hyperref: PDFDocEncoding definition (HO)
Now handling font encoding PD1 ...
... no UTF-8 mapping file for font encoding PD1
)
(c:/TeX/texmf-dist/tex/generic/intcalc/intcalc.sty
Package: intcalc 2019/12/15 v1.3 Expandable calculations with integers (HO)
)
(c:/TeX/texmf-dist/tex/generic/etexcmds/etexcmds.sty
Package: etexcmds 2019/12/15 v1.7 Avoid name clashes with e-TeX commands (HO)
)
\Hy@SavedSpaceFactor=\count289
Package hyperref Info: Option `bookmarks' set `true' on input line 4421.
Package hyperref Info: Option `bookmarksopen' set `true' on input line 4421.
Package hyperref Info: Option `implicit' set `false' on input line 4421.
Package hyperref Info: Hyper figures OFF on input line 4547.
Package hyperref Info: Link nesting OFF on input line 4552.
Package hyperref Info: Hyper index ON on input line 4555.
Package hyperref Info: Plain pages OFF on input line 4562.
Package hyperref Info: Backreferencing OFF on input line 4567.
Package hyperref Info: Implicit mode OFF; no redefinition of LaTeX internals.
Package hyperref Info: Bookmarks ON on input line 4800.
\c@Hy@tempcnt=\count290

(c:/TeX/texmf-dist/tex/latex/url/url.sty
\Urlmuskip=\muskip16
Package: url 2013/09/16  ver 3.4  Verb mode for urls, etc.
)
LaTeX Info: Redefining \url on input line 5159.
\XeTeXLinkMargin=\dimen270

(c:/TeX/texmf-dist/tex/generic/bitset/bitset.sty
Package: bitset 2019/12/09 v1.3 Handle bit-vector datatype (HO)

(c:/TeX/texmf-dist/tex/generic/bigintcalc/bigintcalc.sty
Package: bigintcalc 2019/12/15 v1.5 Expandable calculations on big integers (HO
)
))
\Fld@menulength=\count291
\Field@Width=\dimen271
\Fld@charsize=\dimen272
Package hyperref Info: Hyper figures OFF on input line 6430.
Package hyperref Info: Link nesting OFF on input line 6435.
Package hyperref Info: Hyper index ON on input line 6438.
Package hyperref Info: backreferencing OFF on input line 6445.
Package hyperref Info: Link coloring OFF on input line 6450.
Package hyperref Info: Link coloring with OCG OFF on input line 6455.
Package hyperref Info: PDF/A mode OFF on input line 6460.
LaTeX Info: Redefining \ref on input line 6500.
LaTeX Info: Redefining \pageref on input line 6504.
\Hy@abspage=\count292


Package hyperref Message: Stopped early.

)
Package hyperref Info: Driver: hdvipdfm.
 (c:/TeX/texmf-dist/tex/latex/hyperref/hdvipdfm.def
File: hdvipdfm.def 2020/01/14 v7.00d Hyperref driver for dvipdfm
\pdfm@box=\box76
\c@Hy@AnnotLevel=\count293
\HyField@AnnotCount=\count294
\Fld@listcount=\count295
\c@bookmark@seq@number=\count296

(c:/TeX/texmf-dist/tex/latex/rerunfilecheck/rerunfilecheck.sty
Package: rerunfilecheck 2019/12/05 v1.9 Rerun checks for auxiliary files (HO)

(c:/TeX/texmf-dist/tex/latex/atveryend/atveryend.sty
Package: atveryend 2019-12-11 v1.11 Hooks at the very end of document (HO)
)
(c:/TeX/texmf-dist/tex/generic/uniquecounter/uniquecounter.sty
Package: uniquecounter 2019/12/15 v1.4 Provide unlimited unique counter (HO)
)
Package uniquecounter Info: New unique counter `rerunfilecheck' on input line 2
86.
))
(c:/TeX/texmf-dist/tex/latex/beamer/beamerbaserequires.sty
(c:/TeX/texmf-dist/tex/latex/beamer/beamerbasecompatibility.sty)
(c:/TeX/texmf-dist/tex/latex/beamer/beamerbasefont.sty
(c:/TeX/texmf-dist/tex/latex/amsfonts/amssymb.sty
Package: amssymb 2013/01/14 v3.01 AMS font symbols

(c:/TeX/texmf-dist/tex/latex/amsfonts/amsfonts.sty
Package: amsfonts 2013/01/14 v3.01 Basic AMSFonts support
\@emptytoks=\toks28
\symAMSa=\mathgroup4
\symAMSb=\mathgroup5
LaTeX Font Info:    Redeclaring math symbol \hbar on input line 98.
LaTeX Font Info:    Overwriting math alphabet `\mathfrak' in version `bold'
(Font)                  U/euf/m/n --> U/euf/b/n on input line 106.
))
(c:/TeX/texmf-dist/tex/latex/sansmathaccent/sansmathaccent.sty
Package: sansmathaccent 2020/01/31

(c:/TeX/texmf-dist/tex/latex/koma-script/scrlfile.sty
Package: scrlfile 2020/01/24 v3.29 KOMA-Script package (loading files)
)))
(c:/TeX/texmf-dist/tex/latex/beamer/beamerbasetranslator.sty
(c:/TeX/texmf-dist/tex/latex/translator/translator.sty
Package: translator 2019-05-31 v1.12a Easy translation of strings in LaTeX
))
(c:/TeX/texmf-dist/tex/latex/beamer/beamerbasemisc.sty)
(c:/TeX/texmf-dist/tex/latex/beamer/beamerbasetwoscreens.sty)
(c:/TeX/texmf-dist/tex/latex/beamer/beamerbaseoverlay.sty
\beamer@argscount=\count297
\beamer@lastskipcover=\skip50
\beamer@trivlistdepth=\count298
)
(c:/TeX/texmf-dist/tex/latex/beamer/beamerbasetitle.sty)
(c:/TeX/texmf-dist/tex/latex/beamer/beamerbasesection.sty
\c@lecture=\count299
\c@part=\count300
\c@section=\count301
\c@subsection=\count302
\c@subsubsection=\count303
)
(c:/TeX/texmf-dist/tex/latex/beamer/beamerbaseframe.sty
\beamer@framebox=\box77
\beamer@frametitlebox=\box78
\beamer@zoombox=\box79
\beamer@zoomcount=\count304
\beamer@zoomframecount=\count305
\beamer@frametextheight=\dimen273
\c@subsectionslide=\count306
\beamer@frametopskip=\skip51
\beamer@framebottomskip=\skip52
\beamer@frametopskipautobreak=\skip53
\beamer@framebottomskipautobreak=\skip54
\beamer@envbody=\toks29
\framewidth=\dimen274
\c@framenumber=\count307
)
(c:/TeX/texmf-dist/tex/latex/beamer/beamerbaseverbatim.sty
\beamer@verbatimfileout=\write4
)
(c:/TeX/texmf-dist/tex/latex/beamer/beamerbaseframesize.sty
\beamer@splitbox=\box80
\beamer@autobreakcount=\count308
\beamer@autobreaklastheight=\dimen275
\beamer@frametitletoks=\toks30
\beamer@framesubtitletoks=\toks31
)
(c:/TeX/texmf-dist/tex/latex/beamer/beamerbaseframecomponents.sty
\beamer@footins=\box81
)
(c:/TeX/texmf-dist/tex/latex/beamer/beamerbasecolor.sty)
(c:/TeX/texmf-dist/tex/latex/beamer/beamerbasenotes.sty
\beamer@frameboxcopy=\box82
)
(c:/TeX/texmf-dist/tex/latex/beamer/beamerbasetoc.sty)
(c:/TeX/texmf-dist/tex/latex/beamer/beamerbasetemplates.sty
\beamer@sbttoks=\toks32

(c:/TeX/texmf-dist/tex/latex/beamer/beamerbaseauxtemplates.sty
(c:/TeX/texmf-dist/tex/latex/beamer/beamerbaseboxes.sty
\bmb@box=\box83
\bmb@colorbox=\box84
\bmb@boxshadow=\box85
\bmb@boxshadowball=\box86
\bmb@boxshadowballlarge=\box87
\bmb@temp=\dimen276
\bmb@dima=\dimen277
\bmb@dimb=\dimen278
\bmb@prevheight=\dimen279
)
\beamer@blockheadheight=\dimen280
))
(c:/TeX/texmf-dist/tex/latex/beamer/beamerbaselocalstructure.sty
(c:/TeX/texmf-dist/tex/latex/tools/enumerate.sty
Package: enumerate 2015/07/23 v3.00 enumerate extensions (DPC)
\@enLab=\toks33
)
\c@figure=\count309
\c@table=\count310
\abovecaptionskip=\skip55
\belowcaptionskip=\skip56
)
(c:/TeX/texmf-dist/tex/latex/beamer/beamerbasenavigation.sty
\beamer@section@min@dim=\dimen281
)
(c:/TeX/texmf-dist/tex/latex/beamer/beamerbasetheorems.sty
(c:/TeX/texmf-dist/tex/latex/amsmath/amsmath.sty
Package: amsmath 2020/01/20 v2.17e AMS math features
\@mathmargin=\skip57

For additional information on amsmath, use the `?' option.
(c:/TeX/texmf-dist/tex/latex/amsmath/amstext.sty
Package: amstext 2000/06/29 v2.01 AMS text

(c:/TeX/texmf-dist/tex/latex/amsmath/amsgen.sty
File: amsgen.sty 1999/11/30 v2.0 generic functions
\@emptytoks=\toks34
\ex@=\dimen282
))
(c:/TeX/texmf-dist/tex/latex/amsmath/amsbsy.sty
Package: amsbsy 1999/11/29 v1.2d Bold Symbols
\pmbraise@=\dimen283
)
(c:/TeX/texmf-dist/tex/latex/amsmath/amsopn.sty
Package: amsopn 2016/03/08 v2.02 operator names
)
\inf@bad=\count311
LaTeX Info: Redefining \frac on input line 227.
\uproot@=\count312
\leftroot@=\count313
LaTeX Info: Redefining \overline on input line 389.
\classnum@=\count314
\DOTSCASE@=\count315
LaTeX Info: Redefining \ldots on input line 486.
LaTeX Info: Redefining \dots on input line 489.
LaTeX Info: Redefining \cdots on input line 610.
\Mathstrutbox@=\box88
\strutbox@=\box89
\big@size=\dimen284
LaTeX Font Info:    Redeclaring font encoding OML on input line 733.
LaTeX Font Info:    Redeclaring font encoding OMS on input line 734.
\macc@depth=\count316
\c@MaxMatrixCols=\count317
\dotsspace@=\muskip17
\c@parentequation=\count318
\dspbrk@lvl=\count319
\tag@help=\toks35
\row@=\count320
\column@=\count321
\maxfields@=\count322
\andhelp@=\toks36
\eqnshift@=\dimen285
\alignsep@=\dimen286
\tagshift@=\dimen287
\tagwidth@=\dimen288
\totwidth@=\dimen289
\lineht@=\dimen290
\@envbody=\toks37
\multlinegap=\skip58
\multlinetaggap=\skip59
\mathdisplay@stack=\toks38
LaTeX Info: Redefining \[ on input line 2859.
LaTeX Info: Redefining \] on input line 2860.
)
(c:/TeX/texmf-dist/tex/latex/amscls/amsthm.sty
Package: amsthm 2017/10/31 v2.20.4
\thm@style=\toks39
\thm@bodyfont=\toks40
\thm@headfont=\toks41
\thm@notefont=\toks42
\thm@headpunct=\toks43
\thm@preskip=\skip60
\thm@postskip=\skip61
\thm@headsep=\skip62
\dth@everypar=\toks44
)
\c@theorem=\count323
)
(c:/TeX/texmf-dist/tex/latex/beamer/beamerbasethemes.sty))
(c:/TeX/texmf-dist/tex/latex/beamer/beamerthemedefault.sty
(c:/TeX/texmf-dist/tex/latex/beamer/beamerfontthemedefault.sty)
(c:/TeX/texmf-dist/tex/latex/beamer/beamercolorthemedefault.sty)
(c:/TeX/texmf-dist/tex/latex/beamer/beamerinnerthemedefault.sty
\beamer@dima=\dimen291
\beamer@dimb=\dimen292
)
(c:/TeX/texmf-dist/tex/latex/beamer/beamerouterthemedefault.sty)))
(c:/TeX/texmf-local/tex/platex/sweavel.sty
Package: Sweavel 

(c:/TeX/texmf-local/tex/platex/js/listings.sty
\lst@mode=\count324
\lst@gtempboxa=\box90
\lst@token=\toks45
\lst@length=\count325
\lst@currlwidth=\dimen293
\lst@column=\count326
\lst@pos=\count327
\lst@lostspace=\dimen294
\lst@width=\dimen295
\lst@newlines=\count328
\lst@lineno=\count329
\lst@maxwidth=\dimen296

(c:/TeX/texmf-local/tex/platex/js/lstmisc.sty
File: lstmisc.sty 2007/02/22 1.4 (Carsten Heinz)
\c@lstnumber=\count330
\lst@skipnumbers=\count331
\lst@framebox=\box91
)
(c:/TeX/texmf-local/tex/platex/js/listings.cfg
File: listings.cfg 2007/02/22 1.4 listings configuration
))
Package: listings 2007/02/22 1.4 (Carsten Heinz)

(c:/TeX/texmf-dist/tex/latex/fancyvrb/fancyvrb.sty
Package: fancyvrb 2020/01/13 v3.5 verbatim text (tvz,hv)
\FV@CodeLineNo=\count332
\FV@InFile=\read3
\FV@TabBox=\box92
\c@FancyVerbLine=\count333
\FV@StepNumber=\count334
\FV@OutFile=\write5
)
(c:/TeX/texmf-dist/tex/latex/relsize/relsize.sty
Package: relsize 2013/03/29 ver 4.1
))
(c:/TeX/texmf-dist/tex/latex/tools/verbatim.sty
Package: verbatim 2019/11/10 v1.5r LaTeX2e package for verbatim enhancements
\every@verbatim=\toks46
\verbatim@line=\toks47
\verbatim@in@stream=\read4
)
(c:/TeX/texmf-dist/tex/latex/natbib/natbib.sty
Package: natbib 2010/09/13 8.31b (PWD, AO)
\bibhang=\skip63
\bibsep=\skip64
LaTeX Info: Redefining \cite on input line 694.
\c@NAT@ctr=\count335
)
(c:/TeX/texmf-dist/tex/latex/tools/array.sty
Package: array 2019/08/31 v2.4l Tabular extension package (FMi)
\col@sep=\dimen297
\ar@mcellbox=\box93
\extrarowheight=\dimen298
\NC@list=\toks48
\extratabsurround=\skip65
\backup@length=\skip66
\ar@cellbox=\box94
)
(c:/TeX/texmf-dist/tex/latex/tools/tabularx.sty
Package: tabularx 2020/01/15 v2.11c `tabularx' package (DPC)
\TX@col@width=\dimen299
\TX@old@table=\dimen300
\TX@old@col=\dimen301
\TX@target=\dimen302
\TX@delta=\dimen303
\TX@cols=\count336
\TX@ftn=\toks49
)
(c:/TeX/texmf-dist/tex/latex/booktabs/booktabs.sty
Package: booktabs 2020/01/12 v1.61803398 Publication quality tables
\heavyrulewidth=\dimen304
\lightrulewidth=\dimen305
\cmidrulewidth=\dimen306
\belowrulesep=\dimen307
\belowbottomsep=\dimen308
\aboverulesep=\dimen309
\abovetopsep=\dimen310
\cmidrulesep=\dimen311
\cmidrulekern=\dimen312
\defaultaddspace=\dimen313
\@cmidla=\count337
\@cmidlb=\count338
\@aboverulesep=\dimen314
\@belowrulesep=\dimen315
\@thisruleclass=\count339
\@lastruleclass=\count340
\@thisrulewidth=\dimen316
)
(c:/TeX/texmf-dist/tex/latex/tools/longtable.sty
Package: longtable 2020/01/07 v4.13 Multi-page Table package (DPC)
\LTleft=\skip67
\LTright=\skip68
\LTpre=\skip69
\LTpost=\skip70
\LTchunksize=\count341
\LTcapwidth=\dimen317
\LT@head=\box95
\LT@firsthead=\box96
\LT@foot=\box97
\LT@lastfoot=\box98
\LT@cols=\count342
\LT@rows=\count343
\c@LT@tables=\count344
\c@LT@chunks=\count345
\LT@p@ftn=\toks50
)
(c:/TeX/texmf-local/tex/platex/js/multirow.sty
\bigstrutjot=\dimen318
)
(c:/TeX/texmf-dist/tex/latex/colortbl/colortbl.sty
Package: colortbl 2020/01/04 v1.0e Color table columns (DPC)
\everycr=\toks51
\minrowclearance=\skip71
)
(c:/TeX/texmf-dist/tex/latex/soul/soul.sty
Package: soul 2003/11/17 v2.4 letterspacing/underlining (mf)
\SOUL@word=\toks52
\SOUL@lasttoken=\toks53
\SOUL@cmds=\toks54
\SOUL@buffer=\toks55
\SOUL@token=\toks56
\SOUL@spaceskip=\skip72
\SOUL@ttwidth=\dimen319
\SOUL@uldp=\dimen320
\SOUL@ulht=\dimen321
)
(c:/TeX/texmf-dist/tex/generic/ulem/ulem.sty
\UL@box=\box99
\UL@hyphenbox=\box100
\UL@skip=\skip73
\UL@hook=\toks57
\UL@height=\dimen322
\UL@pe=\count346
\UL@pixel=\dimen323
\ULC@box=\box101
Package: ulem 2019/11/18
\ULdepth=\dimen324
)
(c:/TeX/texmf-dist/tex/latex/upquote/upquote.sty
Package: upquote 2012/04/19 v1.3 upright-quote and grave-accent glyphs in verba
tim
)
(c:/TeX/texmf-dist/tex/latex/inconsolata/zi4.sty
Package: zi4 2019/05/17 v1.12

`inconsolata-zi4' v1.12, 2019/05/17 Text macros for Inconsolata (msharpe)
(c:/TeX/texmf-dist/tex/latex/base/textcomp.sty
Package: textcomp 2020/02/02 v2.0n Standard LaTeX package
)
(c:/TeX/texmf-local/tex/platex/js/xkeyval/run/xkeyval.sty
Package: xkeyval 2012/10/14 v2.6b package option processing (HA)

(c:/TeX/texmf-local/tex/platex/js/xkeyval/run/xkeyval.tex
\XKV@toks=\toks58
\XKV@tempa@toks=\toks59
\XKV@depth=\count347
File: xkeyval.tex 2012/10/14 v2.6b key=value parser (HA)
))
\zifour@ocount=\count348
)
(c:/TeX/texmf-dist/tex/latex/datetime/datetime.sty
Package: datetime 2015/03/20 v2.60 Date Time Package

(c:/TeX/texmf-dist/tex/latex/fmtcount/fmtcount.sty
Package: fmtcount 2020/01/30 v3.07

(c:/TeX/texmf-local/tex/platex/js/base/ifthen.sty
Package: ifthen 2001/05/26 v1.1c Standard LaTeX ifthen package (DPC)
)
(c:/TeX/texmf-dist/tex/latex/fmtcount/fcprefix.sty
Package: fcprefix 2012/09/28

(c:/TeX/texmf-dist/tex/latex/fmtcount/fcnumparser.sty
Package: fcnumparser 2017/06/15
\fc@digit@counter=\count349
))
\c@padzeroesN=\count350
\fc@tmpcatcode=\count351
\@DT@modctr=\count352
\@ordinalctr=\count353
\@orgargctr=\count354
\@strctr=\count355
\@tmpstrctr=\count356
\@DT@loopN=\count357
\@DT@X=\count358
)
(c:/TeX/texmf-dist/tex/latex/datetime/datetime-defaults.sty
Package: datetime-defaults 2013/09/10
)
\@day=\count359
\@month=\count360
\@year=\count361
\c@HOUR=\count362
\c@HOURXII=\count363
\c@MINUTE=\count364
\c@TOHOUR=\count365
\c@TOMINUTE=\count366
\c@SECOND=\count367
\currenthour=\count368
\currentminute=\count369
\currentsecond=\count370
Package datetime Info: No datetime.cfg file found, using default settings on in
put line 308.
\@dtctr=\count371
\dayofyear=\count372
\dayofweek=\count373
LaTeX Info: Redefining \today on input line 736.
\dt@a=\toks60
\dt@b=\toks61
)
(c:/TeX/texmf-dist/tex/latex/pgf/frontendlayer/tikz.sty
(c:/TeX/texmf-dist/tex/latex/pgf/basiclayer/pgf.sty
Package: pgf 2020/01/08 v3.1.5b (3.1.5b)

(c:/TeX/texmf-dist/tex/generic/pgf/modules/pgfmoduleshapes.code.tex
File: pgfmoduleshapes.code.tex 2020/01/08 v3.1.5b (3.1.5b)
\pgfnodeparttextbox=\box102
)
(c:/TeX/texmf-dist/tex/generic/pgf/modules/pgfmoduleplot.code.tex
File: pgfmoduleplot.code.tex 2020/01/08 v3.1.5b (3.1.5b)
)
(c:/TeX/texmf-dist/tex/latex/pgf/compatibility/pgfcomp-version-0-65.sty
Package: pgfcomp-version-0-65 2020/01/08 v3.1.5b (3.1.5b)
\pgf@nodesepstart=\dimen325
\pgf@nodesepend=\dimen326
)
(c:/TeX/texmf-dist/tex/latex/pgf/compatibility/pgfcomp-version-1-18.sty
Package: pgfcomp-version-1-18 2020/01/08 v3.1.5b (3.1.5b)
))
(c:/TeX/texmf-dist/tex/latex/pgf/utilities/pgffor.sty
(c:/TeX/texmf-dist/tex/latex/pgf/utilities/pgfkeys.sty
(c:/TeX/texmf-dist/tex/generic/pgf/utilities/pgfkeys.code.tex))
(c:/TeX/texmf-dist/tex/latex/pgf/math/pgfmath.sty
(c:/TeX/texmf-dist/tex/generic/pgf/math/pgfmath.code.tex))
(c:/TeX/texmf-dist/tex/generic/pgf/utilities/pgffor.code.tex
Package: pgffor 2020/01/08 v3.1.5b (3.1.5b)

(c:/TeX/texmf-dist/tex/generic/pgf/math/pgfmath.code.tex)
\pgffor@iter=\dimen327
\pgffor@skip=\dimen328
\pgffor@stack=\toks62
\pgffor@toks=\toks63
))
(c:/TeX/texmf-dist/tex/generic/pgf/frontendlayer/tikz/tikz.code.tex
Package: tikz 2020/01/08 v3.1.5b (3.1.5b)

(c:/TeX/texmf-dist/tex/generic/pgf/libraries/pgflibraryplothandlers.code.tex
File: pgflibraryplothandlers.code.tex 2020/01/08 v3.1.5b (3.1.5b)
\pgf@plot@mark@count=\count374
\pgfplotmarksize=\dimen329
)
\tikz@lastx=\dimen330
\tikz@lasty=\dimen331
\tikz@lastxsaved=\dimen332
\tikz@lastysaved=\dimen333
\tikz@lastmovetox=\dimen334
\tikz@lastmovetoy=\dimen335
\tikzleveldistance=\dimen336
\tikzsiblingdistance=\dimen337
\tikz@figbox=\box103
\tikz@figbox@bg=\box104
\tikz@tempbox=\box105
\tikz@tempbox@bg=\box106
\tikztreelevel=\count375
\tikznumberofchildren=\count376
\tikznumberofcurrentchild=\count377
\tikz@fig@count=\count378

(c:/TeX/texmf-dist/tex/generic/pgf/modules/pgfmodulematrix.code.tex
File: pgfmodulematrix.code.tex 2020/01/08 v3.1.5b (3.1.5b)
\pgfmatrixcurrentrow=\count379
\pgfmatrixcurrentcolumn=\count380
\pgf@matrix@numberofcolumns=\count381
)
\tikz@expandcount=\count382

(c:/TeX/texmf-dist/tex/generic/pgf/frontendlayer/tikz/libraries/tikzlibrarytopa
ths.code.tex
File: tikzlibrarytopaths.code.tex 2020/01/08 v3.1.5b (3.1.5b)
))) (c:/TeX/texmf-local/tex/latex/pgfplots/pgfplots.sty
(c:/TeX/texmf-dist/tex/generic/pgfplots/pgfplots.revision.tex)
Package: pgfplots 2011/07/29 v1.17 (git show 1.17)

(c:/TeX/texmf-dist/tex/generic/pgfplots/pgfplots.code.tex
(c:/TeX/texmf-dist/tex/generic/pgfplots/pgfplotscore.code.tex
\t@pgfplots@toka=\toks64
\t@pgfplots@tokb=\toks65
\t@pgfplots@tokc=\toks66
\pgfplots@tmpa=\dimen338
\c@pgfplots@coordindex=\count383
\c@pgfplots@scanlineindex=\count384

(c:/TeX/texmf-dist/tex/generic/pgfplots/sys/pgfplotssysgeneric.code.tex))
(c:/TeX/texmf-dist/tex/generic/pgfplots/libs/pgfplotslibrary.code.tex)
(c:/TeX/texmf-dist/tex/generic/pgfplots/oldpgfcompatib/pgfplotsoldpgfsupp_loade
r.code.tex (c:/TeX/texmf-dist/tex/generic/pgf/libraries/pgflibraryfpu.code.tex)
) (c:/TeX/texmf-dist/tex/generic/pgfplots/util/pgfplotsutil.code.tex
(c:/TeX/texmf-dist/tex/generic/pgfplots/liststructure/pgfplotsliststructure.cod
e.tex)
(c:/TeX/texmf-dist/tex/generic/pgfplots/liststructure/pgfplotsliststructureext.
code.tex)
(c:/TeX/texmf-dist/tex/generic/pgfplots/liststructure/pgfplotsarray.code.tex
\c@pgfplotsarray@tmp=\count385
)
(c:/TeX/texmf-dist/tex/generic/pgfplots/liststructure/pgfplotsmatrix.code.tex)
(c:/TeX/texmf-dist/tex/generic/pgfplots/numtable/pgfplotstableshared.code.tex
\c@pgfplotstable@counta=\count386
\t@pgfplotstable@a=\toks67
)
(c:/TeX/texmf-dist/tex/generic/pgfplots/liststructure/pgfplotsdeque.code.tex)
(c:/TeX/texmf-dist/tex/generic/pgfplots/util/pgfplotsbinary.code.tex
(c:/TeX/texmf-dist/tex/generic/pgfplots/util/pgfplotsbinary.data.code.tex))
(c:/TeX/texmf-dist/tex/generic/pgfplots/util/pgfplotsutil.verb.code.tex)
(c:/TeX/texmf-dist/tex/generic/pgfplots/libs/pgflibrarypgfplots.surfshading.cod
e.tex
\c@pgfplotslibrarysurf@no=\count387

(c:/TeX/texmf-dist/tex/generic/pgfplots/sys/pgflibrarypgfplots.surfshading.pgfs
ys-dvipdfmx.def
\c@pgfplotslibrarysurf@streamlen=\count388
)))
(c:/TeX/texmf-dist/tex/generic/pgfplots/util/pgfplotscolormap.code.tex
(c:/TeX/texmf-dist/tex/generic/pgfplots/util/pgfplotscolor.code.tex))
(c:/TeX/texmf-dist/tex/generic/pgfplots/pgfplotsstackedplots.code.tex)
(c:/TeX/texmf-dist/tex/generic/pgfplots/pgfplotsplothandlers.code.tex
(c:/TeX/texmf-dist/tex/generic/pgfplots/pgfplotsmeshplothandler.code.tex
(c:/TeX/texmf-dist/tex/generic/pgfplots/pgfplotsmeshplotimage.code.tex)))
(c:/TeX/texmf-dist/tex/generic/pgfplots/pgfplots.scaling.code.tex)
(c:/TeX/texmf-dist/tex/generic/pgfplots/pgfplotscoordprocessing.code.tex)
(c:/TeX/texmf-dist/tex/generic/pgfplots/pgfplots.errorbars.code.tex)
(c:/TeX/texmf-dist/tex/generic/pgfplots/pgfplots.markers.code.tex)
(c:/TeX/texmf-dist/tex/generic/pgfplots/pgfplotsticks.code.tex)
(c:/TeX/texmf-dist/tex/generic/pgfplots/pgfplots.paths.code.tex)
(c:/TeX/texmf-dist/tex/generic/pgf/frontendlayer/tikz/libraries/tikzlibrarydeco
rations.code.tex
(c:/TeX/texmf-dist/tex/generic/pgf/modules/pgfmoduledecorations.code.tex
\pgfdecoratedcompleteddistance=\dimen339
\pgfdecoratedremainingdistance=\dimen340
\pgfdecoratedinputsegmentcompleteddistance=\dimen341
\pgfdecoratedinputsegmentremainingdistance=\dimen342
\pgf@decorate@distancetomove=\dimen343
\pgf@decorate@repeatstate=\count389
\pgfdecorationsegmentamplitude=\dimen344
\pgfdecorationsegmentlength=\dimen345
)
\tikz@lib@dec@box=\box107
)
(c:/TeX/texmf-dist/tex/generic/pgf/frontendlayer/tikz/libraries/tikzlibrarydeco
rations.pathmorphing.code.tex
(c:/TeX/texmf-dist/tex/generic/pgf/libraries/decorations/pgflibrarydecorations.
pathmorphing.code.tex))
(c:/TeX/texmf-dist/tex/generic/pgf/frontendlayer/tikz/libraries/tikzlibrarydeco
rations.pathreplacing.code.tex
(c:/TeX/texmf-dist/tex/generic/pgf/libraries/decorations/pgflibrarydecorations.
pathreplacing.code.tex))
\pgfplots@numplots=\count390
\pgfplots@xmin@reg=\dimen346
\pgfplots@xmax@reg=\dimen347
\pgfplots@ymin@reg=\dimen348
\pgfplots@ymax@reg=\dimen349
\pgfplots@zmin@reg=\dimen350
\pgfplots@zmax@reg=\dimen351
)
(c:/TeX/texmf-dist/tex/generic/pgf/frontendlayer/tikz/libraries/tikzlibraryplot
marks.code.tex
File: tikzlibraryplotmarks.code.tex 2020/01/08 v3.1.5b (3.1.5b)

(c:/TeX/texmf-dist/tex/generic/pgf/libraries/pgflibraryplotmarks.code.tex
File: pgflibraryplotmarks.code.tex 2020/01/08 v3.1.5b (3.1.5b)
)))
(c:/TeX/texmf-local/tex/latex/pgfplots/pgfplotstable.sty
Package: pgfplotstable 2011/07/29 Part of pgfplots

(c:/TeX/texmf-dist/tex/generic/pgfplots/numtable/pgfplotstable.code.tex
(c:/TeX/texmf-dist/tex/generic/pgfplots/numtable/pgfplotstable.coltype.code.tex
)))
(c:/TeX/texmf-dist/tex/generic/pgf/frontendlayer/tikz/libraries/tikzlibraryinte
rsections.code.tex
(c:/TeX/texmf-dist/tex/generic/pgf/libraries/pgflibraryintersections.code.tex
\pgf@intersect@solutions=\count391
))
(c:/TeX/texmf-dist/tex/generic/pgf/frontendlayer/tikz/libraries/tikzlibrarytree
s.code.tex
File: tikzlibrarytrees.code.tex 2020/01/08 v3.1.5b (3.1.5b)
)
(c:/TeX/texmf-dist/tex/generic/pgf/frontendlayer/tikz/libraries/tikzlibraryarro
ws.code.tex
File: tikzlibraryarrows.code.tex 2020/01/08 v3.1.5b (3.1.5b)

(c:/TeX/texmf-dist/tex/generic/pgf/libraries/pgflibraryarrows.code.tex
File: pgflibraryarrows.code.tex 2020/01/08 v3.1.5b (3.1.5b)
\arrowsize=\dimen352
))
(c:/TeX/texmf-dist/tex/generic/pgf/frontendlayer/tikz/libraries/tikzlibraryback
grounds.code.tex
File: tikzlibrarybackgrounds.code.tex 2020/01/08 v3.1.5b (3.1.5b)
\pgf@layerbox@background=\box108
\pgf@layerboxsaved@background=\box109
)
(c:/TeX/texmf-dist/tex/generic/pgf/frontendlayer/tikz/libraries/tikzlibrarycalc
.code.tex
File: tikzlibrarycalc.code.tex 2020/01/08 v3.1.5b (3.1.5b)
)
(c:/TeX/texmf-dist/tex/generic/pgf/frontendlayer/tikz/libraries/tikzlibraryshap
es.code.tex
File: tikzlibraryshapes.code.tex 2020/01/08 v3.1.5b (3.1.5b)

(c:/TeX/texmf-dist/tex/generic/pgf/frontendlayer/tikz/libraries/tikzlibraryshap
es.geometric.code.tex
File: tikzlibraryshapes.geometric.code.tex 2020/01/08 v3.1.5b (3.1.5b)

(c:/TeX/texmf-dist/tex/generic/pgf/libraries/shapes/pgflibraryshapes.geometric.
code.tex
File: pgflibraryshapes.geometric.code.tex 2020/01/08 v3.1.5b (3.1.5b)
))
(c:/TeX/texmf-dist/tex/generic/pgf/frontendlayer/tikz/libraries/tikzlibraryshap
es.misc.code.tex
File: tikzlibraryshapes.misc.code.tex 2020/01/08 v3.1.5b (3.1.5b)

(c:/TeX/texmf-dist/tex/generic/pgf/libraries/shapes/pgflibraryshapes.misc.code.
tex
File: pgflibraryshapes.misc.code.tex 2020/01/08 v3.1.5b (3.1.5b)
))
(c:/TeX/texmf-dist/tex/generic/pgf/frontendlayer/tikz/libraries/tikzlibraryshap
es.symbols.code.tex
File: tikzlibraryshapes.symbols.code.tex 2020/01/08 v3.1.5b (3.1.5b)

(c:/TeX/texmf-dist/tex/generic/pgf/libraries/shapes/pgflibraryshapes.symbols.co
de.tex
File: pgflibraryshapes.symbols.code.tex 2020/01/08 v3.1.5b (3.1.5b)
))
(c:/TeX/texmf-dist/tex/generic/pgf/frontendlayer/tikz/libraries/tikzlibraryshap
es.arrows.code.tex
File: tikzlibraryshapes.arrows.code.tex 2020/01/08 v3.1.5b (3.1.5b)

(c:/TeX/texmf-dist/tex/generic/pgf/libraries/shapes/pgflibraryshapes.arrows.cod
e.tex
File: pgflibraryshapes.arrows.code.tex 2020/01/08 v3.1.5b (3.1.5b)
))
(c:/TeX/texmf-dist/tex/generic/pgf/frontendlayer/tikz/libraries/tikzlibraryshap
es.callouts.code.tex
(c:/TeX/texmf-dist/tex/generic/pgf/libraries/shapes/pgflibraryshapes.callouts.c
ode.tex))
(c:/TeX/texmf-dist/tex/generic/pgf/frontendlayer/tikz/libraries/tikzlibraryshap
es.multipart.code.tex
File: tikzlibraryshapes.multipart.code.tex 2020/01/08 v3.1.5b (3.1.5b)

(c:/TeX/texmf-dist/tex/generic/pgf/libraries/shapes/pgflibraryshapes.multipart.
code.tex
File: pgflibraryshapes.multipart.code.tex 2020/01/08 v3.1.5b (3.1.5b)
\pgfnodepartlowerbox=\box110
\pgfnodeparttwobox=\box111
\pgfnodepartthreebox=\box112
\pgfnodepartfourbox=\box113
\pgfnodeparttwentybox=\box114
\pgfnodepartnineteenbox=\box115
\pgfnodeparteighteenbox=\box116
\pgfnodepartseventeenbox=\box117
\pgfnodepartsixteenbox=\box118
\pgfnodepartfifteenbox=\box119
\pgfnodepartfourteenbox=\box120
\pgfnodepartthirteenbox=\box121
\pgfnodeparttwelvebox=\box122
\pgfnodepartelevenbox=\box123
\pgfnodeparttenbox=\box124
\pgfnodepartninebox=\box125
\pgfnodeparteightbox=\box126
\pgfnodepartsevenbox=\box127
\pgfnodepartsixbox=\box128
\pgfnodepartfivebox=\box129
)))
(c:/TeX/texmf-dist/tex/generic/pgf/frontendlayer/tikz/libraries/tikzlibraryfit.
code.tex
File: tikzlibraryfit.code.tex 2020/01/08 v3.1.5b (3.1.5b)
)
(c:/TeX/texmf-dist/tex/generic/pgfplots/libs/tikzlibrarypgfplots.groupplots.cod
e.tex
\pgfplots@group@current@plot=\count392
\pgfplots@group@current@row=\count393
\pgfplots@group@current@column=\count394
)
(c:/TeX/texmf-dist/tex/generic/pgf/frontendlayer/tikz/libraries/tikzlibraryposi
tioning.code.tex
File: tikzlibrarypositioning.code.tex 2020/01/08 v3.1.5b (3.1.5b)
)
(c:/TeX/texmf-dist/tex/generic/pgf/frontendlayer/tikz/libraries/tikzlibraryshad
ows.code.tex
File: tikzlibraryshadows.code.tex 2020/01/08 v3.1.5b (3.1.5b)

(c:/TeX/texmf-dist/tex/generic/pgf/frontendlayer/tikz/libraries/tikzlibraryfadi
ngs.code.tex
File: tikzlibraryfadings.code.tex 2020/01/08 v3.1.5b (3.1.5b)

(c:/TeX/texmf-dist/tex/generic/pgf/libraries/pgflibraryfadings.code.tex
File: pgflibraryfadings.code.tex 2020/01/08 v3.1.5b (3.1.5b)
)))
Package hyperref Info: Option `colorlinks' set `true' on input line 49.

(c:/TeX/texmf-dist/tex/latex/psnfss/pifont.sty
Package: pifont 2005/04/12 PSNFSS-v9.2a Pi font support (SPQR) 

(I search kanjifont definition file: . . ) (I search font definition file: . .
. . . . . . )
LaTeX Font Info:    Trying to load font information for U+pzd on input line 63.

 (c:/TeX/texmf-dist/tex/latex/psnfss/upzd.fd
File: upzd.fd 2001/06/04 font definitions for U/pzd.
)
(I search kanjifont definition file: . . ) (I search font definition file: . .
. . . . . . )
LaTeX Font Info:    Trying to load font information for U+psy on input line 64.

 (c:/TeX/texmf-dist/tex/latex/psnfss/upsy.fd
File: upsy.fd 2001/06/04 font definitions for U/psy.
))
(c:/TeX/texmf-local/tex/platex/js/adjustbox.sty
Package: adjustbox 2011/09/04 v0.6 Adjusting TeX boxes (trim, clip, ...)

(c:/TeX/texmf-local/tex/platex/js/adjcalc.sty)
(c:/TeX/texmf-local/tex/platex/js/collectbox.sty
Package: collectbox 2011/08/23 v0.4 Collect macro arguments as boxes
\collectedbox=\box130
)
\adjbox@tllx=\dimen353
\adjbox@tlly=\dimen354
\adjbox@turx=\dimen355
\adjbox@tury=\dimen356

(c:/TeX/texmf-local/tex/platex/js/adjpgf.def)
Package adjustbox Info: Using fall-back PGF driver. on input line 244.
)
(c:/TeX/texmf-local/tex/platex/js/seiro_minimal.sty)
(c:/TeX/texmf-dist/tex/latex/beamer/beamerthemeMadrid.sty
(c:/TeX/texmf-dist/tex/latex/beamer/beamercolorthemewhale.sty)
(c:/TeX/texmf-dist/tex/latex/beamer/beamercolorthemeorchid.sty)
(c:/TeX/texmf-dist/tex/latex/beamer/beamerinnerthemerounded.sty)
(c:/TeX/texmf-dist/tex/latex/beamer/beamerouterthemeinfolines.sty))
(c:/TeX/texmf-dist/tex/latex/beamer/beamercolorthemerose.sty)
\pgf@layerbox@foreground=\box131
\pgf@layerboxsaved@foreground=\box132
)
(c:/TeX/texmf-dist/tex/latex/mdframed/mdframed.sty
Package: mdframed 2013/07/01 1.9b: mdframed

(c:/TeX/texmf-dist/tex/latex/l3packages/xparse/xparse.sty
(c:/TeX/texmf-dist/tex/latex/l3kernel/expl3.sty
Package: expl3 2020-03-06 L3 programming layer (loader) 

(c:/TeX/texmf-dist/tex/latex/l3backend/l3backend-dvipdfmx.def
File: l3backend-dvipdfmx.def 2020-03-12 L3 backend support: dvipdfmx
\g__graphics_track_int=\count395
\l__pdf_internal_box=\box133
\g__pdf_backend_object_int=\count396
\g__pdf_backend_annotation_int=\count397
))
Package: xparse 2020-03-06 L3 Experimental document command parser
\l__xparse_current_arg_int=\count398
\g__xparse_grabber_int=\count399
\l__xparse_m_args_int=\count400
\l__xparse_v_nesting_int=\count401
)
(c:/TeX/texmf-dist/tex/latex/zref/zref-abspage.sty
Package: zref-abspage 2020-03-03 v2.29 Module abspage for zref (HO)

(c:/TeX/texmf-dist/tex/latex/zref/zref-base.sty
Package: zref-base 2020-03-03 v2.29 Module base for zref (HO)
Package zref Info: New property list: main on input line 763.
Package zref Info: New property: default on input line 764.
Package zref Info: New property: page on input line 765.
)
\c@abspage=\count402
Package zref Info: New property: abspage on input line 66.
)
(c:/TeX/texmf-local/tex/platex/js/needspace.sty
Package: needspace 2010/09/12 v1.3c reserve vertical space
)
\mdf@templength=\skip74
\c@mdf@globalstyle@cnt=\count403
\mdf@skipabove@length=\skip75
\mdf@skipbelow@length=\skip76
\mdf@leftmargin@length=\skip77
\mdf@rightmargin@length=\skip78
\mdf@innerleftmargin@length=\skip79
\mdf@innerrightmargin@length=\skip80
\mdf@innertopmargin@length=\skip81
\mdf@innerbottommargin@length=\skip82
\mdf@splittopskip@length=\skip83
\mdf@splitbottomskip@length=\skip84
\mdf@outermargin@length=\skip85
\mdf@innermargin@length=\skip86
\mdf@linewidth@length=\skip87
\mdf@innerlinewidth@length=\skip88
\mdf@middlelinewidth@length=\skip89
\mdf@outerlinewidth@length=\skip90
\mdf@roundcorner@length=\skip91
\mdf@footenotedistance@length=\skip92
\mdf@userdefinedwidth@length=\skip93
\mdf@needspace@length=\skip94
\mdf@frametitleaboveskip@length=\skip95
\mdf@frametitlebelowskip@length=\skip96
\mdf@frametitlerulewidth@length=\skip97
\mdf@frametitleleftmargin@length=\skip98
\mdf@frametitlerightmargin@length=\skip99
\mdf@shadowsize@length=\skip100
\mdf@extratopheight@length=\skip101
\mdf@subtitleabovelinewidth@length=\skip102
\mdf@subtitlebelowlinewidth@length=\skip103
\mdf@subtitleaboveskip@length=\skip104
\mdf@subtitlebelowskip@length=\skip105
\mdf@subtitleinneraboveskip@length=\skip106
\mdf@subtitleinnerbelowskip@length=\skip107
\mdf@subsubtitleabovelinewidth@length=\skip108
\mdf@subsubtitlebelowlinewidth@length=\skip109
\mdf@subsubtitleaboveskip@length=\skip110
\mdf@subsubtitlebelowskip@length=\skip111
\mdf@subsubtitleinneraboveskip@length=\skip112
\mdf@subsubtitleinnerbelowskip@length=\skip113

(c:/TeX/texmf-dist/tex/latex/mdframed/md-frame-1.mdf
File: md-frame-1.mdf 2013/07/01\ 1.9b: md-frame-1
)
\mdf@frametitlebox=\box134
\mdf@footnotebox=\box135
\mdf@splitbox@one=\box136
\mdf@splitbox@two=\box137
\mdf@splitbox@save=\box138
\mdfsplitboxwidth=\skip114
\mdfsplitboxtotalwidth=\skip115
\mdfsplitboxheight=\skip116
\mdfsplitboxdepth=\skip117
\mdfsplitboxtotalheight=\skip118
\mdfframetitleboxwidth=\skip119
\mdfframetitleboxtotalwidth=\skip120
\mdfframetitleboxheight=\skip121
\mdfframetitleboxdepth=\skip122
\mdfframetitleboxtotalheight=\skip123
\mdffootnoteboxwidth=\skip124
\mdffootnoteboxtotalwidth=\skip125
\mdffootnoteboxheight=\skip126
\mdffootnoteboxdepth=\skip127
\mdffootnoteboxtotalheight=\skip128
\mdftotallinewidth=\skip129
\mdfboundingboxwidth=\skip130
\mdfboundingboxtotalwidth=\skip131
\mdfboundingboxheight=\skip132
\mdfboundingboxdepth=\skip133
\mdfboundingboxtotalheight=\skip134
\mdf@freevspace@length=\skip135
\mdf@horizontalwidthofbox@length=\skip136
\mdf@verticalmarginwhole@length=\skip137
\mdf@horizontalspaceofbox=\skip138
\mdfsubtitleheight=\skip139
\mdfsubsubtitleheight=\skip140
\c@mdfcountframes=\count404

****** mdframed patching \endmdf@trivlist

****** -- failed******

\mdf@envdepth=\count405
\c@mdf@env@i=\count406
\c@mdf@env@ii=\count407
\c@mdf@zref@counter=\count408
Package zref Info: New property: mdf@pagevalue on input line 895.
)
(c:/TeX/texmf-local/tex/platex/js/tikz-qtree.sty
(c:/TeX/texmf-local/tex/platex/js/pgftree.sty
(c:/TeX/texmf-local/tex/platex/js/pgfsubpic.sty
(c:/TeX/texmf-local/tex/platex/js/pgfsubpic.tex
\pgf@subpicminx=\dimen357
\pgf@subpicminy=\dimen358
\pgf@subpicmaxx=\dimen359
\pgf@subpicmaxy=\dimen360
))
(c:/TeX/texmf-local/tex/platex/js/pgftree.tex
\levelsep=\dimen361
\subtreesep=\dimen362
\pgftree@childx=\dimen363
\pgftree@savechildx=\dimen364
\pgftree@childy=\dimen365
\pgftree@savechildy=\dimen366
\pgftree@childi=\count409
\pgftree@savechildi=\count410
\pgf@subpic@hbox@children=\box139
\pgf@subpic@minx@children=\dimen367
\pgf@subpic@miny@children=\dimen368
\pgf@subpic@maxx@children=\dimen369
\pgf@subpic@maxy@children=\dimen370
\pgftree@lastchildx=\dimen371
\pgftree@lastchildy=\dimen372
))
(c:/TeX/texmf-local/tex/platex/js/tikz-qtree.tex
\@result=\toks68
\child@list=\toks69
\root@node=\toks70
))
(c:/TeX/texmf-local/tex/platex/js/tikz-qtree-compat.sty
\@qrooflabel=\toks71
)
(c:/TeX/texmf-dist/tex/generic/pgfplots/libs/tikzlibrarypgfplots.fillbetween.co
de.tex
(c:/TeX/texmf-dist/tex/generic/pgfplots/pgfcontrib/tikzlibraryfillbetween.code.
tex
(c:/TeX/texmf-dist/tex/generic/pgfplots/pgfcontrib/tikzlibrarydecorations.softc
lip.code.tex
(c:/TeX/texmf-dist/tex/generic/pgfplots/pgfcontrib/pgflibraryfillbetween.code.t
ex)))
(c:/TeX/texmf-dist/tex/generic/pgfplots/libs/tikzlibrarypgfplots.decorations.so
ftclip.code.tex)) (./1.aux)
\openout1 = `1.aux'.

LaTeX Font Info:    Checking defaults for OML/cmm/m/it on input line 38.
LaTeX Font Info:    ... okay on input line 38.
LaTeX Font Info:    Checking defaults for OMS/cmsy/m/n on input line 38.
LaTeX Font Info:    ... okay on input line 38.
LaTeX Font Info:    Checking defaults for OT1/cmr/m/n on input line 38.
LaTeX Font Info:    ... okay on input line 38.
LaTeX Font Info:    Checking defaults for T1/cmr/m/n on input line 38.
LaTeX Font Info:    ... okay on input line 38.
LaTeX Font Info:    Checking defaults for TS1/cmr/m/n on input line 38.
LaTeX Font Info:    ... okay on input line 38.
LaTeX Font Info:    Checking defaults for OMX/cmex/m/n on input line 38.
LaTeX Font Info:    ... okay on input line 38.
LaTeX Font Info:    Checking defaults for U/cmr/m/n on input line 38.
LaTeX Font Info:    ... okay on input line 38.
LaTeX Font Info:    Checking defaults for JY1/mc/m/n on input line 38.
LaTeX Font Info:    ... okay on input line 38.
LaTeX Font Info:    Checking defaults for JT1/mc/m/n on input line 38.
LaTeX Font Info:    ... okay on input line 38.
LaTeX Font Info:    Checking defaults for PD1/pdf/m/n on input line 38.
LaTeX Font Info:    ... okay on input line 38.

*geometry* detected driver: dvipdfm
*geometry* verbose mode - [ preamble ] result:
* driver: dvipdfm
* paper: custom
* layout: <same size as paper>
* layoutoffset:(h,v)=(0.0pt,0.0pt)
* modes: includehead includefoot 
* h-part:(L,W,R)=(11.74988pt, 431.74432pt, 11.74988pt)
* v-part:(T,H,B)=(0.0pt, 256.0748pt, 0.0pt)
* \paperwidth=455.24408pt
* \paperheight=256.0748pt
* \textwidth=431.74432pt
* \textheight=227.62207pt
* \oddsidemargin=-60.52011pt
* \evensidemargin=-60.52011pt
* \topmargin=-72.26999pt
* \headheight=14.22636pt
* \headsep=0.0pt
* \topskip=12.0pt
* \footskip=14.22636pt
* \marginparwidth=4.0pt
* \marginparsep=10.0pt
* \columnsep=10.0pt
* \skip\footins=10.8pt plus 4.0pt minus 2.0pt
* \hoffset=0.0pt
* \voffset=0.0pt
* \mag=1000
* \@twocolumnfalse
* \@twosidefalse
* \@mparswitchfalse
* \@reversemarginfalse
* (1in=72.27pt=25.4mm, 1cm=28.453pt)

ABD: EveryShipout initializing macros
\AtBeginShipoutBox=\box140
Package hyperref Info: Link coloring ON on input line 38.

(c:/TeX/texmf-dist/tex/latex/hyperref/nameref.sty
Package: nameref 2019/09/16 v2.46 Cross-referencing by name of section

(c:/TeX/texmf-dist/tex/latex/refcount/refcount.sty
Package: refcount 2019/12/15 v3.6 Data extraction from label references (HO)
)
(c:/TeX/texmf-dist/tex/generic/gettitlestring/gettitlestring.sty
Package: gettitlestring 2019/12/15 v1.6 Cleanup title references (HO)
)
\c@section@level=\count411
)
LaTeX Info: Redefining \ref on input line 38.
LaTeX Info: Redefining \pageref on input line 38.
LaTeX Info: Redefining \nameref on input line 38.
 (./1.out)
(./1.out)
\@outlinefile=\write6
\openout6 = `1.out'.

LaTeX Font Info:    Overwriting symbol font `operators' in version `normal'
(Font)                  OT1/cmr/m/n --> OT1/cmss/m/n on input line 38.
LaTeX Font Info:    Overwriting symbol font `operators' in version `bold'
(Font)                  OT1/cmr/bx/n --> OT1/cmss/b/n on input line 38.
\symnumbers=\mathgroup6
\sympureletters=\mathgroup7
LaTeX Font Info:    Overwriting math alphabet `\mathrm' in version `normal'
(Font)                  OT1/cmss/m/n --> OT1/cmr/m/n on input line 38.
LaTeX Font Info:    Redeclaring math alphabet \mathbf on input line 38.
LaTeX Font Info:    Overwriting math alphabet `\mathbf' in version `normal'
(Font)                  OT1/cmr/bx/n --> OT1/cmss/b/n on input line 38.
LaTeX Font Info:    Overwriting math alphabet `\mathbf' in version `bold'
(Font)                  OT1/cmr/bx/n --> OT1/cmss/b/n on input line 38.
LaTeX Font Info:    Redeclaring math alphabet \mathsf on input line 38.
LaTeX Font Info:    Overwriting math alphabet `\mathsf' in version `normal'
(Font)                  OT1/cmss/m/n --> OT1/cmss/m/n on input line 38.
LaTeX Font Info:    Overwriting math alphabet `\mathsf' in version `bold'
(Font)                  OT1/cmss/bx/n --> OT1/cmss/m/n on input line 38.
LaTeX Font Info:    Redeclaring math alphabet \mathit on input line 38.
LaTeX Font Info:    Overwriting math alphabet `\mathit' in version `normal'
(Font)                  OT1/cmr/m/it --> OT1/cmss/m/it on input line 38.
LaTeX Font Info:    Overwriting math alphabet `\mathit' in version `bold'
(Font)                  OT1/cmr/bx/it --> OT1/cmss/m/it on input line 38.
LaTeX Font Info:    Redeclaring math alphabet \mathtt on input line 38.
LaTeX Font Info:    Overwriting math alphabet `\mathtt' in version `normal'
(Font)                  OT1/cmtt/m/n --> OT1/zi4/m/n on input line 38.
LaTeX Font Info:    Overwriting math alphabet `\mathtt' in version `bold'
(Font)                  OT1/cmtt/m/n --> OT1/zi4/m/n on input line 38.
LaTeX Font Info:    Overwriting symbol font `numbers' in version `bold'
(Font)                  OT1/cmss/m/n --> OT1/cmss/b/n on input line 38.
LaTeX Font Info:    Overwriting symbol font `pureletters' in version `bold'
(Font)                  OT1/cmss/m/it --> OT1/cmss/b/it on input line 38.
LaTeX Font Info:    Overwriting math alphabet `\mathrm' in version `bold'
(Font)                  OT1/cmss/b/n --> OT1/cmr/b/n on input line 38.
LaTeX Font Info:    Overwriting math alphabet `\mathbf' in version `bold'
(Font)                  OT1/cmss/b/n --> OT1/cmss/b/n on input line 38.
LaTeX Font Info:    Overwriting math alphabet `\mathsf' in version `bold'
(Font)                  OT1/cmss/m/n --> OT1/cmss/b/n on input line 38.
LaTeX Font Info:    Overwriting math alphabet `\mathit' in version `bold'
(Font)                  OT1/cmss/m/it --> OT1/cmss/b/it on input line 38.
LaTeX Font Info:    Overwriting math alphabet `\mathtt' in version `bold'
(Font)                  OT1/zi4/m/n --> OT1/zi4/b/n on input line 38.
LaTeX Font Info:    Redeclaring symbol font `pureletters' on input line 38.
LaTeX Font Info:    Overwriting symbol font `pureletters' in version `normal'
(Font)                  OT1/cmss/m/it --> OT1/mathkerncmss/m/sl on input line 3
8.
LaTeX Font Info:    Overwriting symbol font `pureletters' in version `bold'
(Font)                  OT1/cmss/b/it --> OT1/mathkerncmss/m/sl on input line 3
8.
LaTeX Font Info:    Overwriting symbol font `pureletters' in version `bold'
(Font)                  OT1/mathkerncmss/m/sl --> OT1/mathkerncmss/bx/sl on inp
ut line 38.

(c:/TeX/texmf-dist/tex/latex/translator/translator-basic-dictionary-English.dic
t
Dictionary: translator-basic-dictionary, Language: English 
)
(c:/TeX/texmf-dist/tex/latex/translator/translator-bibliography-dictionary-Engl
ish.dict
Dictionary: translator-bibliography-dictionary, Language: English 
)
(c:/TeX/texmf-dist/tex/latex/translator/translator-environment-dictionary-Engli
sh.dict
Dictionary: translator-environment-dictionary, Language: English 
)
(c:/TeX/texmf-dist/tex/latex/translator/translator-months-dictionary-English.di
ct
Dictionary: translator-months-dictionary, Language: English 
)
(c:/TeX/texmf-dist/tex/latex/translator/translator-numbers-dictionary-English.d
ict
Dictionary: translator-numbers-dictionary, Language: English 
)
(c:/TeX/texmf-dist/tex/latex/translator/translator-theorem-dictionary-English.d
ict
Dictionary: translator-theorem-dictionary, Language: English 
)
\c@lstlisting=\count412
 (c:/TeX/texmf-dist/tex/latex/fmtcount/fc-english.def
File: fc-english.def 2016/01/12
)
Package pgfplots notification 'compat/show suggested version=true': you might b
enefit from \pgfplotsset{compat=1.17} (current compat level: 1.10).

(./1.nav)
LaTeX Font Info:    Trying to load font information for U+msa on input line 38.

 (c:/TeX/texmf-dist/tex/latex/amsfonts/umsa.fd
File: umsa.fd 2013/01/14 v3.01 AMS symbols A
)
LaTeX Font Info:    Trying to load font information for U+msb on input line 38.


(c:/TeX/texmf-dist/tex/latex/amsfonts/umsb.fd
File: umsb.fd 2013/01/14 v3.01 AMS symbols B
)
LaTeX Font Info:    Trying to load font information for OT1+mathkerncmss on inp
ut line 38.

(c:/TeX/texmf-dist/tex/latex/sansmathaccent/ot1mathkerncmss.fd
File: ot1mathkerncmss.fd 2020/01/31 Fontinst v1.933 font definitions for OT1/ma
thkerncmss.
)

Package hyperref Warning: Option `pdfauthor' has already been used,
(hyperref)                setting the option has no effect on input line 48.

[1

] [1

] [2

] [3

] [4

] [5

] [6

] [7

] [8

] [9

] [10

] [11

] [12

] [13

] [14

] [15

] [16

]
[17

] [18

] [19

] [20

] [21

] [22

] [23

] [24

] [25

] [26

] [27

] [28

] [29

] [30

] [31

]
[32

] [33

] [34

] [35

] [36

]
LaTeX Font Info:    Trying to load font information for OT1+zi4 on input line 1
99.
 (c:/TeX/texmf-dist/tex/latex/inconsolata/ot1zi4.fd
File: ot1zi4.fd 2018/01/14 OT1/zi4 (Inconsolata)
)
LaTeX Font Info:    Font shape `OT1/zi4/m/n' will be
(Font)              scaled to size 12.0pt on input line 199.


LaTeX Font Warning: Font shape `JT1/mc/m/it' undefined
(Font)              using `JT1/mc/m/n' instead on input line 199.


LaTeX Font Warning: Font shape `JY1/mc/m/it' undefined
(Font)              using `JY1/mc/m/n' instead on input line 199.

File: c:/seiro/docs/external/seishin/lec_slides/2024/1/PeterSinger.jpg Graphic 
file (type bmp)
<c:/seiro/docs/external/seishin/lec_slides/2024/1/PeterSinger.jpg>
[37

]
File: c:/seiro/docs/external/seishin/lec_slides/2024/1/PeterSinger.jpg Graphic 
file (type bmp)
<c:/seiro/docs/external/seishin/lec_slides/2024/1/PeterSinger.jpg>
 [38

]
File: c:/seiro/docs/external/seishin/lec_slides/2024/1/PeterSinger.jpg Graphic 
file (type bmp)
<c:/seiro/docs/external/seishin/lec_slides/2024/1/PeterSinger.jpg>
 [39

]
File: c:/seiro/docs/external/seishin/lec_slides/2024/1/PeterSinger.jpg Graphic 
file (type bmp)
<c:/seiro/docs/external/seishin/lec_slides/2024/1/PeterSinger.jpg>
 [40

]
File: c:/seiro/docs/external/seishin/lec_slides/2024/1/PeterSinger.jpg Graphic 
file (type bmp)
<c:/seiro/docs/external/seishin/lec_slides/2024/1/PeterSinger.jpg>
 [41

]
File: c:/seiro/docs/external/seishin/lec_slides/2024/1/PeterSinger.jpg Graphic 
file (type bmp)
<c:/seiro/docs/external/seishin/lec_slides/2024/1/PeterSinger.jpg>
 [42

]
LaTeX Font Info:    Font shape `OT1/zi4/m/n' will be
(Font)              scaled to size 8.0pt on input line 223.
File: c:/seiro/docs/external/seishin/lec_slides/2024/1/DenisMukwege.jpg Graphic
 file (type bmp)
<c:/seiro/docs/external/seishin/lec_slides/2024/1/DenisMukwege.jpg>
File: c:/seiro/docs/external/seishin/lec_slides/2024/1/cc-by-sa_nobackground.jp
g Graphic file (type bmp)
<c:/seiro/docs/external/seishin/lec_slides/2024/1/cc-by-sa_nobackground.jpg>
 [43

]
File: c:/seiro/docs/external/seishin/lec_slides/2024/1/DenisMukwege.jpg Graphic
 file (type bmp)
<c:/seiro/docs/external/seishin/lec_slides/2024/1/DenisMukwege.jpg>
File: c:/seiro/docs/external/seishin/lec_slides/2024/1/cc-by-sa_nobackground.jp
g Graphic file (type bmp)
<c:/seiro/docs/external/seishin/lec_slides/2024/1/cc-by-sa_nobackground.jpg>
 [44

]
File: c:/seiro/docs/external/seishin/lec_slides/2024/1/DenisMukwege.jpg Graphic
 file (type bmp)
<c:/seiro/docs/external/seishin/lec_slides/2024/1/DenisMukwege.jpg>
File: c:/seiro/docs/external/seishin/lec_slides/2024/1/cc-by-sa_nobackground.jp
g Graphic file (type bmp)
<c:/seiro/docs/external/seishin/lec_slides/2024/1/cc-by-sa_nobackground.jpg>
 [45

]
File: c:/seiro/docs/external/seishin/lec_slides/2024/1/DenisMukwege.jpg Graphic
 file (type bmp)
<c:/seiro/docs/external/seishin/lec_slides/2024/1/DenisMukwege.jpg>
File: c:/seiro/docs/external/seishin/lec_slides/2024/1/cc-by-sa_nobackground.jp
g Graphic file (type bmp)
<c:/seiro/docs/external/seishin/lec_slides/2024/1/cc-by-sa_nobackground.jpg>
 [46

]
File: c:/seiro/docs/external/seishin/lec_slides/2024/1/DenisMukwege.jpg Graphic
 file (type bmp)
<c:/seiro/docs/external/seishin/lec_slides/2024/1/DenisMukwege.jpg>
File: c:/seiro/docs/external/seishin/lec_slides/2024/1/cc-by-sa_nobackground.jp
g Graphic file (type bmp)
<c:/seiro/docs/external/seishin/lec_slides/2024/1/cc-by-sa_nobackground.jpg>
 [47

]
File: c:/seiro/docs/external/seishin/lec_slides/2024/1/DenisMukwege.jpg Graphic
 file (type bmp)
<c:/seiro/docs/external/seishin/lec_slides/2024/1/DenisMukwege.jpg>
File: c:/seiro/docs/external/seishin/lec_slides/2024/1/cc-by-sa_nobackground.jp
g Graphic file (type bmp)
<c:/seiro/docs/external/seishin/lec_slides/2024/1/cc-by-sa_nobackground.jpg>
 [48

]
File: c:/seiro/docs/external/seishin/lec_slides/2024/1/JohnRawls.jpg Graphic fi
le (type bmp)
<c:/seiro/docs/external/seishin/lec_slides/2024/1/JohnRawls.jpg>
File: c:/seiro/docs/external/seishin/lec_slides/2024/1/PublicDomain.jpg Graphic
 file (type bmp)
<c:/seiro/docs/external/seishin/lec_slides/2024/1/PublicDomain.jpg>
 [49

]
File: c:/seiro/docs/external/seishin/lec_slides/2024/1/JohnRawls.jpg Graphic fi
le (type bmp)
<c:/seiro/docs/external/seishin/lec_slides/2024/1/JohnRawls.jpg>
File: c:/seiro/docs/external/seishin/lec_slides/2024/1/PublicDomain.jpg Graphic
 file (type bmp)
<c:/seiro/docs/external/seishin/lec_slides/2024/1/PublicDomain.jpg>
 [50

]
File: c:/seiro/docs/external/seishin/lec_slides/2024/1/JohnRawls.jpg Graphic fi
le (type bmp)
<c:/seiro/docs/external/seishin/lec_slides/2024/1/JohnRawls.jpg>
File: c:/seiro/docs/external/seishin/lec_slides/2024/1/PublicDomain.jpg Graphic
 file (type bmp)
<c:/seiro/docs/external/seishin/lec_slides/2024/1/PublicDomain.jpg>
 [51

]
File: c:/seiro/docs/external/seishin/lec_slides/2024/1/JohnRawls.jpg Graphic fi
le (type bmp)
<c:/seiro/docs/external/seishin/lec_slides/2024/1/JohnRawls.jpg>
File: c:/seiro/docs/external/seishin/lec_slides/2024/1/PublicDomain.jpg Graphic
 file (type bmp)
<c:/seiro/docs/external/seishin/lec_slides/2024/1/PublicDomain.jpg>

[52

]
File: c:/seiro/docs/external/seishin/lec_slides/2024/1/JohnRawls.jpg Graphic fi
le (type bmp)
<c:/seiro/docs/external/seishin/lec_slides/2024/1/JohnRawls.jpg>
File: c:/seiro/docs/external/seishin/lec_slides/2024/1/PublicDomain.jpg Graphic
 file (type bmp)
<c:/seiro/docs/external/seishin/lec_slides/2024/1/PublicDomain.jpg>
 [53

]
File: c:/seiro/docs/external/seishin/lec_slides/2024/1/JohnRawls.jpg Graphic fi
le (type bmp)
<c:/seiro/docs/external/seishin/lec_slides/2024/1/JohnRawls.jpg>
File: c:/seiro/docs/external/seishin/lec_slides/2024/1/PublicDomain.jpg Graphic
 file (type bmp)
<c:/seiro/docs/external/seishin/lec_slides/2024/1/PublicDomain.jpg>
 [54

]
File: c:/seiro/docs/external/seishin/lec_slides/2024/1/JohnRawls.jpg Graphic fi
le (type bmp)
<c:/seiro/docs/external/seishin/lec_slides/2024/1/JohnRawls.jpg>
File: c:/seiro/docs/external/seishin/lec_slides/2024/1/PublicDomain.jpg Graphic
 file (type bmp)
<c:/seiro/docs/external/seishin/lec_slides/2024/1/PublicDomain.jpg>
 [55

] [56

] [57

] [58

] [59

] [60

] [61

] [62

] [63

] [64

] [65

] [66

]
[67

] [68

] [69

] [70

] [71

] [72

] [73

] [74

] [75

] [76

] [77

] [78

]
File: c:/seiro/docs/external/seishin/lec_slides/2024/1/ChinaClamSchoolFeeContro
l_Nikkei20201Sep07.jpg Graphic file (type bmp)
<c:/seiro/docs/external/seishin/lec_slides/2024/1/ChinaClamSchoolFeeControl_Nik
kei20201Sep07.jpg>
 [79

]
File: c:/seiro/docs/external/seishin/lec_slides/2024/1/ChinaClamSchoolFeeContro
l_Nikkei20201Sep07.jpg Graphic file (type bmp)
<c:/seiro/docs/external/seishin/lec_slides/2024/1/ChinaClamSchoolFeeControl_Nik
kei20201Sep07.jpg>
 [80

]
Overfull \vbox (2.06688pt too high) detected at line 431
 []

[81

]
Overfull \vbox (2.06688pt too high) detected at line 431
 []

[82

]
Overfull \vbox (2.06688pt too high) detected at line 431
 []

[83

]
Overfull \vbox (2.06688pt too high) detected at line 431
 []

[84

]
Overfull \hbox (26.68694pt too wide) in paragraph at lines 518--518
[]  
 []


Overfull \vbox (3.77766pt too high) detected at line 518
 []

[85

]
Overfull \hbox (26.68694pt too wide) in paragraph at lines 518--518
[]  
 []


Overfull \vbox (3.77766pt too high) detected at line 518
 []

[86

]
Overfull \hbox (26.68694pt too wide) in paragraph at lines 518--518
[]  
 []


Overfull \vbox (3.77766pt too high) detected at line 518
 []

[87

]
Overfull \hbox (26.68694pt too wide) in paragraph at lines 518--518
[]  
 []


Overfull \vbox (3.77766pt too high) detected at line 518
 []

[88

]
Overfull \hbox (26.68694pt too wide) in paragraph at lines 518--518
[]  
 []


Overfull \vbox (3.77766pt too high) detected at line 518
 []

[89

]
Overfull \hbox (26.68694pt too wide) in paragraph at lines 518--518
[]  
 []


Overfull \vbox (3.77766pt too high) detected at line 518
 []

[90

]
Overfull \hbox (26.68694pt too wide) in paragraph at lines 518--518
[]  
 []


Overfull \vbox (3.77766pt too high) detected at line 518
 []

[91

]
Overfull \hbox (26.68694pt too wide) in paragraph at lines 600--600
[]  
 []


Overfull \vbox (6.2245pt too high) detected at line 600
 []

[92

]
Overfull \hbox (26.68694pt too wide) in paragraph at lines 600--600
[]  
 []


Overfull \vbox (6.2245pt too high) detected at line 600
 []

[93

]
Overfull \hbox (26.68694pt too wide) in paragraph at lines 600--600
[]  
 []


Overfull \vbox (6.2245pt too high) detected at line 600
 []

[94

]
Overfull \hbox (26.68694pt too wide) in paragraph at lines 600--600
[]  
 []


Overfull \vbox (6.2245pt too high) detected at line 600
 []

[95

]
Overfull \hbox (26.68694pt too wide) in paragraph at lines 600--600
[]  
 []


Overfull \vbox (6.2245pt too high) detected at line 600
 []

[96

]
Overfull \hbox (26.68694pt too wide) in paragraph at lines 600--600
[]  
 []


Overfull \vbox (6.2245pt too high) detected at line 600
 []

[97

]
Overfull \hbox (26.68694pt too wide) in paragraph at lines 600--600
[]  
 []


Overfull \vbox (6.2245pt too high) detected at line 600
 []

[98

] [99

] [100

] [101

] [102

] [103

] [104

] [105

]
Overfull \vbox (5.94427pt too high) detected at line 652
 []

[106

]
Overfull \vbox (5.94427pt too high) detected at line 652
 []

[107

]
Overfull \vbox (5.94427pt too high) detected at line 652
 []

[108

]
Overfull \vbox (5.94427pt too high) detected at line 652
 []

[109

]
Overfull \vbox (5.94427pt too high) detected at line 652
 []

[110

]
Overfull \vbox (5.94427pt too high) detected at line 652
 []

[111

]
Overfull \vbox (5.94427pt too high) detected at line 652
 []

[112

]
Overfull \vbox (5.94427pt too high) detected at line 652
 []

[113

]
Overfull \vbox (5.94427pt too high) detected at line 652
 []

[114

]
Overfull \vbox (5.94427pt too high) detected at line 652
 []

[115

]
Package mdframed Info: mdframed detected package amsthm 
 changed the theorem header of amsthm
(mdframed)              on input line 672.
Package mdframed Info: mdframed inside a box 
 mdframed uses option nobreak mdframed on input line 672.
 [116

]
Package mdframed Info: mdframed detected package amsthm 
 changed the theorem header of amsthm
(mdframed)              on input line 672.
Package mdframed Info: mdframed inside a box 
 mdframed uses option nobreak mdframed on input line 672.
 [117

]
Package mdframed Info: mdframed detected package amsthm 
 changed the theorem header of amsthm
(mdframed)              on input line 672.
Package mdframed Info: mdframed inside a box 
 mdframed uses option nobreak mdframed on input line 672.
 [118

]
Package mdframed Info: mdframed detected package amsthm 
 changed the theorem header of amsthm
(mdframed)              on input line 672.
Package mdframed Info: mdframed inside a box 
 mdframed uses option nobreak mdframed on input line 672.
 [119

] [120

] [121

] [122

] [123

] [124

] [125

] [126

]
[127

] [128

] [129

] [130

] [131

]
Overfull \vbox (3.80974pt too high) detected at line 774
 []

[132

]
Overfull \vbox (3.80974pt too high) detected at line 774
 []

[133

]
Overfull \vbox (3.80974pt too high) detected at line 774
 []

[134

]
Overfull \vbox (3.80974pt too high) detected at line 774
 []

[135

]
Overfull \vbox (3.80974pt too high) detected at line 774
 []

[136

]
Overfull \vbox (3.80974pt too high) detected at line 774
 []

[137

]
Overfull \vbox (3.80974pt too high) detected at line 774
 []

[138

]
Overfull \vbox (3.80974pt too high) detected at line 774
 []

[139

] [140

] [141

] [142

] [143

] [144

] [145

] [146

] [147

] [148

] [149

] [150

]
[151

] [152

] [153

]
Overfull \vbox (4.61285pt too high) detected at line 831
 []

[154

]
Overfull \vbox (4.61285pt too high) detected at line 831
 []

[155

]
Overfull \vbox (4.61285pt too high) detected at line 831
 []

[156

]
Overfull \vbox (4.61285pt too high) detected at line 831
 []

[157

]
Overfull \vbox (4.61285pt too high) detected at line 831
 []

[158

]
Overfull \vbox (4.61285pt too high) detected at line 831
 []

[159

] [160

] [161

] [162

] [163

] [164

] [165

] [166

] [167

] [168

] [169

] [170

]
[171

]
File: 1/world_income_pop_1-2009.eps Graphic file (type eps)
<1/world_income_pop_1-2009.eps>

Overfull \vbox (5.23753pt too high) detected at line 861
 []

[172

]
LaTeX Font Info:    Trying to load font information for TS1+cmss on input line 
866.
 (c:/TeX/texmf-dist/tex/latex/base/ts1cmss.fd
File: ts1cmss.fd 2019/12/16 v2.5j Standard LaTeX font definitions
)
File: 1/world_income_pop_-40000-2009.eps Graphic file (type eps)
<1/world_income_pop_-40000-2009.eps>

Overfull \vbox (20.23753pt too high) detected at line 866
 []

[173

] (./1/bt10.tex)
Overfull \vbox (6.17995pt too high) detected at line 872
 []

[174

]
File: 1/world_income_1950-2008_natural.eps Graphic file (type eps)
<1/world_income_1950-2008_natural.eps>
 [175

]
File: 1/world_income_1950-2008.eps Graphic file (type eps)
<1/world_income_1950-2008.eps>
 [176

]
File: c:/seiro/docs/external/seishin/lec_slides/2024/1/pcPPPGDP1990-2020.pdf Gr
aphic file (type pdf)
<c:/seiro/docs/external/seishin/lec_slides/2024/1/pcPPPGDP1990-2020.pdf>
LaTeX Font Info:    Font shape `OT1/zi4/m/n' will be
(Font)              scaled to size 10.0pt on input line 910.
 [177

]
File: c:/seiro/docs/external/seishin/lec_slides/2024/1/LogpcPPPGDP1990-2020.pdf
 Graphic file (type pdf)
<c:/seiro/docs/external/seishin/lec_slides/2024/1/LogpcPPPGDP1990-2020.pdf>
 [178

] [179

] [180

] [181

] [182

] [183

]
File: 1/InequalityWithinBetweenCountries.jpg Graphic file (type bmp)
<1/InequalityWithinBetweenCountries.jpg>

Overfull \vbox (9.70044pt too high) detected at line 980
 []

[184

]
File: 1/InequalityWithinBetweenCountries.jpg Graphic file (type bmp)
<1/InequalityWithinBetweenCountries.jpg>

Overfull \vbox (9.70044pt too high) detected at line 980
 []

[185

]
File: 1/InequalityWithinBetweenCountries.jpg Graphic file (type bmp)
<1/InequalityWithinBetweenCountries.jpg>

Overfull \vbox (9.70044pt too high) detected at line 980
 []

[186

]
File: 1/InequalityWithinBetweenCountries.jpg Graphic file (type bmp)
<1/InequalityWithinBetweenCountries.jpg>

Overfull \vbox (9.70044pt too high) detected at line 980
 []

[187

]
File: 1/InequalityWithinBetweenCountries.jpg Graphic file (type bmp)
<1/InequalityWithinBetweenCountries.jpg>

Overfull \vbox (9.70044pt too high) detected at line 980
 []

[188

]
File: 1/InequalityWithinBetweenCountries.jpg Graphic file (type bmp)
<1/InequalityWithinBetweenCountries.jpg>

Overfull \vbox (9.70044pt too high) detected at line 980
 []

[189

]
File: 1/InequalityWithinBetweenCountries.jpg Graphic file (type bmp)
<1/InequalityWithinBetweenCountries.jpg>

Overfull \vbox (9.70044pt too high) detected at line 980
 []

[190

]
File: 1/InequalityWithinBetweenCountries.jpg Graphic file (type bmp)
<1/InequalityWithinBetweenCountries.jpg>

Overfull \vbox (9.70044pt too high) detected at line 980
 []

[191

] [192

] [193

] [194

] [195

] [196

] [197

] [198

]
Overfull \hbox (10.51158pt too wide) in paragraph at lines 1053--1053
[]  
 []


Overfull \vbox (16.67923pt too high) detected at line 1053
 []

[199

]
Overfull \hbox (10.51158pt too wide) in paragraph at lines 1053--1053
[]  
 []


Overfull \vbox (16.67923pt too high) detected at line 1053
 []

[200

]
Overfull \hbox (10.51158pt too wide) in paragraph at lines 1053--1053
[]  
 []


Overfull \vbox (16.67923pt too high) detected at line 1053
 []

[201

]
Overfull \hbox (10.51158pt too wide) in paragraph at lines 1053--1053
[]  
 []


Overfull \vbox (16.67923pt too high) detected at line 1053
 []

[202

]
Overfull \hbox (10.51158pt too wide) in paragraph at lines 1053--1053
[]  
 []


Overfull \vbox (16.67923pt too high) detected at line 1053
 []

[203

] [204

] [205

] [206

] [207

] [208

] [209

] [210

] [211

] [212

] [213

] [214

]
[215

] [216

] [217

] [218

] [219

] (./1/PovertyTrap_DetailedDynamics.tkz
Underfull \hbox (badness 1400) in paragraph at lines 20--20
[]$\OT1/mathkerncmss/m/sl/10 k[] \OT1/cmss/m/n/10 = \OT1/mathkerncmss/m/sl/10 k
[]$ \JY1/mc/m/n/10 
 []

) [220

] (./1/PovertyTrap_DetailedDynamics.tkz
Underfull \hbox (badness 1400) in paragraph at lines 20--20
[]$\OT1/mathkerncmss/m/sl/10 k[] \OT1/cmss/m/n/10 = \OT1/mathkerncmss/m/sl/10 k
[]$ \JY1/mc/m/n/10 
 []

) [221

] (./1/PovertyTrap_DetailedDynamics.tkz
Underfull \hbox (badness 1400) in paragraph at lines 20--20
[]$\OT1/mathkerncmss/m/sl/10 k[] \OT1/cmss/m/n/10 = \OT1/mathkerncmss/m/sl/10 k
[]$ \JY1/mc/m/n/10 
 []

) [222

] (./1/PovertyTrap_DetailedDynamics.tkz
Underfull \hbox (badness 1400) in paragraph at lines 20--20
[]$\OT1/mathkerncmss/m/sl/10 k[] \OT1/cmss/m/n/10 = \OT1/mathkerncmss/m/sl/10 k
[]$ \JY1/mc/m/n/10 
 []

) [223

] (./1/PovertyTrap_DetailedDynamics.tkz
Underfull \hbox (badness 1400) in paragraph at lines 20--20
[]$\OT1/mathkerncmss/m/sl/10 k[] \OT1/cmss/m/n/10 = \OT1/mathkerncmss/m/sl/10 k
[]$ \JY1/mc/m/n/10 
 []

) [224

] (./1/PovertyTrap_DetailedDynamics.tkz
Underfull \hbox (badness 1400) in paragraph at lines 20--20
[]$\OT1/mathkerncmss/m/sl/10 k[] \OT1/cmss/m/n/10 = \OT1/mathkerncmss/m/sl/10 k
[]$ \JY1/mc/m/n/10 
 []

) [225

] (./1/PovertyTrap_DetailedDynamics.tkz
Underfull \hbox (badness 1400) in paragraph at lines 20--20
[]$\OT1/mathkerncmss/m/sl/10 k[] \OT1/cmss/m/n/10 = \OT1/mathkerncmss/m/sl/10 k
[]$ \JY1/mc/m/n/10 
 []

) [226

] (./1/PovertyTrap_DetailedDynamics.tkz
Underfull \hbox (badness 1400) in paragraph at lines 20--20
[]$\OT1/mathkerncmss/m/sl/10 k[] \OT1/cmss/m/n/10 = \OT1/mathkerncmss/m/sl/10 k
[]$ \JY1/mc/m/n/10 
 []

) [227

] (./1/PovertyTrap_DetailedDynamics.tkz
Underfull \hbox (badness 1400) in paragraph at lines 20--20
[]$\OT1/mathkerncmss/m/sl/10 k[] \OT1/cmss/m/n/10 = \OT1/mathkerncmss/m/sl/10 k
[]$ \JY1/mc/m/n/10 
 []

) [228

] (./1/PovertyTrap_DetailedDynamics.tkz
Underfull \hbox (badness 1400) in paragraph at lines 20--20
[]$\OT1/mathkerncmss/m/sl/10 k[] \OT1/cmss/m/n/10 = \OT1/mathkerncmss/m/sl/10 k
[]$ \JY1/mc/m/n/10 
 []

) [229

] (./1/PovertyTrap_DetailedDynamics.tkz
Underfull \hbox (badness 1400) in paragraph at lines 20--20
[]$\OT1/mathkerncmss/m/sl/10 k[] \OT1/cmss/m/n/10 = \OT1/mathkerncmss/m/sl/10 k
[]$ \JY1/mc/m/n/10 
 []

) [230

] (./1/PovertyTrap_DetailedDynamics.tkz
Underfull \hbox (badness 1400) in paragraph at lines 20--20
[]$\OT1/mathkerncmss/m/sl/10 k[] \OT1/cmss/m/n/10 = \OT1/mathkerncmss/m/sl/10 k
[]$ \JY1/mc/m/n/10 
 []

) [231

] (./1/PovertyTrap_DetailedDynamics.tkz
Underfull \hbox (badness 1400) in paragraph at lines 20--20
[]$\OT1/mathkerncmss/m/sl/10 k[] \OT1/cmss/m/n/10 = \OT1/mathkerncmss/m/sl/10 k
[]$ \JY1/mc/m/n/10 
 []

) [232

] (./1/PovertyTrap_DetailedDynamics.tkz
Underfull \hbox (badness 1400) in paragraph at lines 20--20
[]$\OT1/mathkerncmss/m/sl/10 k[] \OT1/cmss/m/n/10 = \OT1/mathkerncmss/m/sl/10 k
[]$ \JY1/mc/m/n/10 
 []

) [233

] (./1/PovertyTrap_DetailedDynamics.tkz
Underfull \hbox (badness 1400) in paragraph at lines 20--20
[]$\OT1/mathkerncmss/m/sl/10 k[] \OT1/cmss/m/n/10 = \OT1/mathkerncmss/m/sl/10 k
[]$ \JY1/mc/m/n/10 
 []

) [234

] (./1/PovertyTrap_DetailedDynamics.tkz
Underfull \hbox (badness 1400) in paragraph at lines 20--20
[]$\OT1/mathkerncmss/m/sl/10 k[] \OT1/cmss/m/n/10 = \OT1/mathkerncmss/m/sl/10 k
[]$ \JY1/mc/m/n/10 
 []

) [235

] (./1/PovertyTrap_DetailedDynamics.tkz
Underfull \hbox (badness 1400) in paragraph at lines 20--20
[]$\OT1/mathkerncmss/m/sl/10 k[] \OT1/cmss/m/n/10 = \OT1/mathkerncmss/m/sl/10 k
[]$ \JY1/mc/m/n/10 
 []

) [236

] (./1/PovertyTrap_DetailedDynamics.tkz
Underfull \hbox (badness 1400) in paragraph at lines 20--20
[]$\OT1/mathkerncmss/m/sl/10 k[] \OT1/cmss/m/n/10 = \OT1/mathkerncmss/m/sl/10 k
[]$ \JY1/mc/m/n/10 
 []

) [237

] (./1/PovertyTrap_DetailedDynamics.tkz
Underfull \hbox (badness 1400) in paragraph at lines 20--20
[]$\OT1/mathkerncmss/m/sl/10 k[] \OT1/cmss/m/n/10 = \OT1/mathkerncmss/m/sl/10 k
[]$ \JY1/mc/m/n/10 
 []

) [238

] (./1/PovertyTrap_DetailedDynamics.tkz
Underfull \hbox (badness 1400) in paragraph at lines 20--20
[]$\OT1/mathkerncmss/m/sl/10 k[] \OT1/cmss/m/n/10 = \OT1/mathkerncmss/m/sl/10 k
[]$ \JY1/mc/m/n/10 
 []

) [239

] (./1/PovertyTrap_DetailedDynamics.tkz
Underfull \hbox (badness 1400) in paragraph at lines 20--20
[]$\OT1/mathkerncmss/m/sl/10 k[] \OT1/cmss/m/n/10 = \OT1/mathkerncmss/m/sl/10 k
[]$ \JY1/mc/m/n/10 
 []

) [240

] (./1/PovertyTrap_DetailedDynamics.tkz
Underfull \hbox (badness 1400) in paragraph at lines 20--20
[]$\OT1/mathkerncmss/m/sl/10 k[] \OT1/cmss/m/n/10 = \OT1/mathkerncmss/m/sl/10 k
[]$ \JY1/mc/m/n/10 
 []

) [241

] (./1/PovertyTrap_DetailedDynamics.tkz
Underfull \hbox (badness 1400) in paragraph at lines 20--20
[]$\OT1/mathkerncmss/m/sl/10 k[] \OT1/cmss/m/n/10 = \OT1/mathkerncmss/m/sl/10 k
[]$ \JY1/mc/m/n/10 
 []

) [242

] (./1/PovertyTrap_DetailedDynamics.tkz
Underfull \hbox (badness 1400) in paragraph at lines 20--20
[]$\OT1/mathkerncmss/m/sl/10 k[] \OT1/cmss/m/n/10 = \OT1/mathkerncmss/m/sl/10 k
[]$ \JY1/mc/m/n/10 
 []

) [243

] (./1/PovertyTrap_DetailedDynamics.tkz
Underfull \hbox (badness 1400) in paragraph at lines 20--20
[]$\OT1/mathkerncmss/m/sl/10 k[] \OT1/cmss/m/n/10 = \OT1/mathkerncmss/m/sl/10 k
[]$ \JY1/mc/m/n/10 
 []

) [244

] (./1/poverty_trap.tkz
Underfull \hbox (badness 1400) in paragraph at lines 22--22
[]$\OT1/mathkerncmss/m/sl/10 k[] \OT1/cmss/m/n/10 = \OT1/mathkerncmss/m/sl/10 k
[]$ \JY1/mc/m/n/10 
 []

)
Overfull \vbox (16.92505pt too high) detected at line 1112
 []

[245

] (./1/poverty_trap.tkz
Underfull \hbox (badness 1400) in paragraph at lines 22--22
[]$\OT1/mathkerncmss/m/sl/10 k[] \OT1/cmss/m/n/10 = \OT1/mathkerncmss/m/sl/10 k
[]$ \JY1/mc/m/n/10 
 []

)
Overfull \vbox (16.92505pt too high) detected at line 1112
 []

[246

] (./1/poverty_trap.tkz
Underfull \hbox (badness 1400) in paragraph at lines 22--22
[]$\OT1/mathkerncmss/m/sl/10 k[] \OT1/cmss/m/n/10 = \OT1/mathkerncmss/m/sl/10 k
[]$ \JY1/mc/m/n/10 
 []

)
Overfull \vbox (16.92505pt too high) detected at line 1112
 []

[247

] (./1/poverty_trap.tkz
Underfull \hbox (badness 1400) in paragraph at lines 22--22
[]$\OT1/mathkerncmss/m/sl/10 k[] \OT1/cmss/m/n/10 = \OT1/mathkerncmss/m/sl/10 k
[]$ \JY1/mc/m/n/10 
 []

)
Overfull \vbox (16.92505pt too high) detected at line 1112
 []

[248

] (./1/poverty_trap.tkz
Underfull \hbox (badness 1400) in paragraph at lines 22--22
[]$\OT1/mathkerncmss/m/sl/10 k[] \OT1/cmss/m/n/10 = \OT1/mathkerncmss/m/sl/10 k
[]$ \JY1/mc/m/n/10 
 []

)
Overfull \vbox (16.92505pt too high) detected at line 1112
 []

[249

] (./1/poverty_trap.tkz
Underfull \hbox (badness 1400) in paragraph at lines 22--22
[]$\OT1/mathkerncmss/m/sl/10 k[] \OT1/cmss/m/n/10 = \OT1/mathkerncmss/m/sl/10 k
[]$ \JY1/mc/m/n/10 
 []

)
Overfull \vbox (16.92505pt too high) detected at line 1112
 []

[250

] (./1/poverty_trap.tkz
Underfull \hbox (badness 1400) in paragraph at lines 22--22
[]$\OT1/mathkerncmss/m/sl/10 k[] \OT1/cmss/m/n/10 = \OT1/mathkerncmss/m/sl/10 k
[]$ \JY1/mc/m/n/10 
 []

)
Overfull \vbox (16.92505pt too high) detected at line 1112
 []

[251

] (./1/poverty_trap.tkz
Underfull \hbox (badness 1400) in paragraph at lines 22--22
[]$\OT1/mathkerncmss/m/sl/10 k[] \OT1/cmss/m/n/10 = \OT1/mathkerncmss/m/sl/10 k
[]$ \JY1/mc/m/n/10 
 []

)
Overfull \vbox (16.92505pt too high) detected at line 1112
 []

[252

] (./1/poverty_trap.tkz
Underfull \hbox (badness 1400) in paragraph at lines 22--22
[]$\OT1/mathkerncmss/m/sl/10 k[] \OT1/cmss/m/n/10 = \OT1/mathkerncmss/m/sl/10 k
[]$ \JY1/mc/m/n/10 
 []

)
Overfull \vbox (16.92505pt too high) detected at line 1112
 []

[253

] (./1/poverty_trap.tkz
Underfull \hbox (badness 1400) in paragraph at lines 22--22
[]$\OT1/mathkerncmss/m/sl/10 k[] \OT1/cmss/m/n/10 = \OT1/mathkerncmss/m/sl/10 k
[]$ \JY1/mc/m/n/10 
 []

)
Overfull \vbox (16.92505pt too high) detected at line 1112
 []

[254

] (./1/poverty_trap.tkz
Underfull \hbox (badness 1400) in paragraph at lines 22--22
[]$\OT1/mathkerncmss/m/sl/10 k[] \OT1/cmss/m/n/10 = \OT1/mathkerncmss/m/sl/10 k
[]$ \JY1/mc/m/n/10 
 []

)
Overfull \vbox (16.92505pt too high) detected at line 1112
 []

[255

] (./1/poverty_trap.tkz
Underfull \hbox (badness 1400) in paragraph at lines 22--22
[]$\OT1/mathkerncmss/m/sl/10 k[] \OT1/cmss/m/n/10 = \OT1/mathkerncmss/m/sl/10 k
[]$ \JY1/mc/m/n/10 
 []

)
Overfull \vbox (16.92505pt too high) detected at line 1112
 []

[256

] (./1/poverty_trap.tkz
Underfull \hbox (badness 1400) in paragraph at lines 22--22
[]$\OT1/mathkerncmss/m/sl/10 k[] \OT1/cmss/m/n/10 = \OT1/mathkerncmss/m/sl/10 k
[]$ \JY1/mc/m/n/10 
 []

)
Overfull \vbox (16.92505pt too high) detected at line 1112
 []

[257

] (./1/poverty_trap.tkz
Underfull \hbox (badness 1400) in paragraph at lines 22--22
[]$\OT1/mathkerncmss/m/sl/10 k[] \OT1/cmss/m/n/10 = \OT1/mathkerncmss/m/sl/10 k
[]$ \JY1/mc/m/n/10 
 []

)
Overfull \vbox (16.92505pt too high) detected at line 1112
 []

[258

] (./1/poverty_trap.tkz
Underfull \hbox (badness 1400) in paragraph at lines 22--22
[]$\OT1/mathkerncmss/m/sl/10 k[] \OT1/cmss/m/n/10 = \OT1/mathkerncmss/m/sl/10 k
[]$ \JY1/mc/m/n/10 
 []

)
Overfull \vbox (16.92505pt too high) detected at line 1112
 []

[259

] (./1/poverty_trap.tkz
Underfull \hbox (badness 1400) in paragraph at lines 22--22
[]$\OT1/mathkerncmss/m/sl/10 k[] \OT1/cmss/m/n/10 = \OT1/mathkerncmss/m/sl/10 k
[]$ \JY1/mc/m/n/10 
 []

)
Overfull \vbox (16.92505pt too high) detected at line 1112
 []

[260

] (./1/poverty_trap.tkz
Underfull \hbox (badness 1400) in paragraph at lines 22--22
[]$\OT1/mathkerncmss/m/sl/10 k[] \OT1/cmss/m/n/10 = \OT1/mathkerncmss/m/sl/10 k
[]$ \JY1/mc/m/n/10 
 []

)
Overfull \vbox (16.92505pt too high) detected at line 1112
 []

[261

] (./1/poverty_trap.tkz
Underfull \hbox (badness 1400) in paragraph at lines 22--22
[]$\OT1/mathkerncmss/m/sl/10 k[] \OT1/cmss/m/n/10 = \OT1/mathkerncmss/m/sl/10 k
[]$ \JY1/mc/m/n/10 
 []

)
Overfull \vbox (16.92505pt too high) detected at line 1112
 []

[262

] (./1/poverty_trap.tkz
Underfull \hbox (badness 1400) in paragraph at lines 22--22
[]$\OT1/mathkerncmss/m/sl/10 k[] \OT1/cmss/m/n/10 = \OT1/mathkerncmss/m/sl/10 k
[]$ \JY1/mc/m/n/10 
 []

)
Overfull \vbox (16.92505pt too high) detected at line 1112
 []

[263

] (./1/poverty_trap.tkz
Underfull \hbox (badness 1400) in paragraph at lines 22--22
[]$\OT1/mathkerncmss/m/sl/10 k[] \OT1/cmss/m/n/10 = \OT1/mathkerncmss/m/sl/10 k
[]$ \JY1/mc/m/n/10 
 []

)
Overfull \vbox (16.92505pt too high) detected at line 1112
 []

[264

] (./1/poverty_trap.tkz
Underfull \hbox (badness 1400) in paragraph at lines 22--22
[]$\OT1/mathkerncmss/m/sl/10 k[] \OT1/cmss/m/n/10 = \OT1/mathkerncmss/m/sl/10 k
[]$ \JY1/mc/m/n/10 
 []

)
Overfull \vbox (16.92505pt too high) detected at line 1112
 []

[265

] (./1/poverty_trap.tkz
Underfull \hbox (badness 1400) in paragraph at lines 22--22
[]$\OT1/mathkerncmss/m/sl/10 k[] \OT1/cmss/m/n/10 = \OT1/mathkerncmss/m/sl/10 k
[]$ \JY1/mc/m/n/10 
 []

)
Overfull \vbox (16.92505pt too high) detected at line 1112
 []

[266

] [267

] [268

] [269

] [270

] [271

] [272

] [273

] [274

] [275

] [276

] [277

]
[278

] [279

] [280

] [281

] [282

] [283

] [284

] [285

] [286

] [287

] [288

] [289

]
[290

] [291

] [292

] [293

] [294

] [295

] [296

] [297

] [298

] [299

] [300

] [301

]
[302

] [303

] [304

] [305

] [306

] [307

] [308

] [309

] [310

] [311

] [312

] [313

]
[314

] [315

] [316

] [317

] [318

] [319

] [320

] [321

] [322

] [323

] [324

] [325

]
[326

] [327

] [328

] [329

] (./1.bbl

Package hyperref Warning: Token not allowed in a PDF string (PDFDocEncoding):
(hyperref)                removing `\translate ' on input line 4.

LaTeX Font Info:    Font shape `JT1/mc/b/n' in size <8> not available
(Font)              Font shape `JT1/mc/bx/n' tried instead on input line 8.
LaTeX Font Info:    Font shape `JT1/mc/bx/n' in size <8> not available
(Font)              Font shape `JT1/gt/m/n' tried instead on input line 8.
LaTeX Font Info:    Font shape `JY1/mc/b/n' in size <8> not available
(Font)              Font shape `JY1/mc/bx/n' tried instead on input line 8.
LaTeX Font Info:    Font shape `JY1/mc/bx/n' in size <8> not available
(Font)              Font shape `JY1/gt/m/n' tried instead on input line 8.
) [330

] [331


] (./1/poverty_trap2.tkz)
Overfull \vbox (32.45045pt too high) detected at line 1332
 []

[332

] (./1/poverty_trap2.tkz)
Overfull \vbox (32.45045pt too high) detected at line 1332
 []

[333

] (./1/poverty_trap2.tkz)
Overfull \vbox (32.45045pt too high) detected at line 1332
 []

[334

] (./1/poverty_trap2.tkz)
Overfull \vbox (32.45045pt too high) detected at line 1332
 []

[335

] (./1/poverty_trap2.tkz)
Overfull \vbox (32.45045pt too high) detected at line 1332
 []

[336

] (./1/poverty_trap2.tkz)
Overfull \vbox (32.45045pt too high) detected at line 1332
 []

[337

] (./1/poverty_trap2.tkz)
Overfull \vbox (32.45045pt too high) detected at line 1332
 []

[338

] (./1/poverty_trap2.tkz)
Overfull \vbox (32.45045pt too high) detected at line 1332
 []

[339

] (./1/poverty_trap2.tkz)
Overfull \vbox (32.45045pt too high) detected at line 1332
 []

[340

] (./1/poverty_trap2.tkz)
Overfull \vbox (32.45045pt too high) detected at line 1332
 []

[341

] (./1/poverty_trap2.tkz)
Overfull \vbox (32.45045pt too high) detected at line 1332
 []

[342

]
File: c:/seiro/docs/external/seishin/lec_slides/2024/1/Balboni_PovTrapFig.jpg G
raphic file (type bmp)
<c:/seiro/docs/external/seishin/lec_slides/2024/1/Balboni_PovTrapFig.jpg>

Overfull \hbox (15.2747pt too wide) in paragraph at lines 1347--1347
[][]  
 []


Overfull \vbox (25.80913pt too high) detected at line 1347
 []

[343

] [344

] [345

]
File: 1/NonConvergence.jpg Graphic file (type bmp)
<1/NonConvergence.jpg>

Overfull \vbox (0.27734pt too high) detected at line 1388
 []

[346

]
File: 1/NonConvergence.jpg Graphic file (type bmp)
<1/NonConvergence.jpg>

Overfull \vbox (0.27734pt too high) detected at line 1388
 []

[347

]
File: 1/NonConvergence.jpg Graphic file (type bmp)
<1/NonConvergence.jpg>

Overfull \vbox (0.27734pt too high) detected at line 1388
 []

[348

]
File: 1/NonConvergence.jpg Graphic file (type bmp)
<1/NonConvergence.jpg>

Overfull \vbox (0.27734pt too high) detected at line 1388
 []

[349

]
File: 1/ConvergenceIn2000s.jpg Graphic file (type bmp)
<1/ConvergenceIn2000s.jpg>

Overfull \vbox (43.12514pt too high) detected at line 1399
 []

[350

]
\tf@nav=\write7
\openout7 = `1.nav'.

\tf@toc=\write8
\openout8 = `1.toc'.

\tf@snm=\write9
\openout9 = `1.snm'.

Package atveryend Info: Empty hook `BeforeClearDocument' on input line 1401.
Package atveryend Info: Empty hook `AfterLastShipout' on input line 1401.
 (./1.aux)
Package atveryend Info: Empty hook `AtVeryEndDocument' on input line 1401.
Package atveryend Info: Executing hook `AtEndAfterFileList' on input line 1401.

Package rerunfilecheck Info: File `1.out' has not changed.
(rerunfilecheck)             Checksum: 06E27B416B3B1946CD705C501CA5B3BD;45.


LaTeX Font Warning: Some font shapes were not available, defaults substituted.

 ) 
Here is how much of TeX's memory you used:
 42390 strings out of 481140
 1000537 string characters out of 5924191
 1511187 words of memory out of 5000000
 57344 multiletter control sequences out of 15000+600000
 556424 words of font info for 115 fonts, out of 8000000 for 9000
 929 hyphenation exceptions out of 8191
 67i,15n,105p,1076b,2338s stack positions out of 5000i,500n,10000p,200000b,80000s

Output written on 1.dvi (351 pages, 4216736 bytes).
